[20-Jan-2024 23:29:33 UTC] Hello, errors!
[20-Jan-2024 23:43:39 UTC] Hello, errors!
[20-Jan-2024 23:43:49 UTC] Hello, errors!
[21-Jan-2024 21:12:39 UTC] Hello, errors!
[21-Jan-2024 21:29:27 UTC] Hello, errors!
[21-Jan-2024 21:30:18 UTC] Hello, errors!
[21-Jan-2024 21:41:37 UTC] Hello, errors!
[21-Jan-2024 21:42:09 UTC] Hello, errors!
[21-Jan-2024 21:50:38 UTC] Hello, errors!
[21-Jan-2024 21:51:03 UTC] Hello, errors!
[21-Jan-2024 21:54:46 UTC] Hello, errors!
[21-Jan-2024 21:56:52 UTC] Hello, errors!
[21-Jan-2024 21:57:45 UTC] Hello, errors!
[21-Jan-2024 22:04:13 UTC] Hello, errors!
[21-Jan-2024 22:07:50 UTC] Hello, errors!
[21-Jan-2024 22:31:47 UTC] Hello, errors!
[21-Jan-2024 22:32:48 UTC] Hello, errors!
[21-Jan-2024 22:32:58 UTC] Hello, errors!
[22-Jan-2024 20:36:50 UTC] Hello, errors!
[22-Jan-2024 20:39:39 UTC] Hello, errors!
[22-Jan-2024 20:42:53 UTC] Hello, errors!
[22-Jan-2024 23:53:36 UTC] Hello, errors!
[22-Jan-2024 23:53:37 UTC] PHP Warning:  Undefined array key "tag_page" in C:\Apache24\htdocs\tienda-virtual\Views\home.php on line 6
[22-Jan-2024 23:53:37 UTC] PHP Stack trace:
[22-Jan-2024 23:53:37 UTC] PHP   1. {main}() C:\Apache24\htdocs\tienda-virtual\index.php:0
[22-Jan-2024 23:53:37 UTC] PHP   2. require_once() C:\Apache24\htdocs\tienda-virtual\index.php:43
[22-Jan-2024 23:53:37 UTC] PHP   3. Home->home('') C:\Apache24\htdocs\tienda-virtual\Libraries\Core\Load.php:8
[22-Jan-2024 23:53:37 UTC] PHP   4. Views->getView($controller = class Home { protected $model = class HomeModel { private PDO ${Conexion}conect = *uninitialized*; private ${Mysql}conexion = class PDO { ... }; private ${Mysql}strQuery = NULL; private ${Mysql}arrValues = NULL }; protected $views = class Views {  } }, $view = 'home', $data = ['page_id' => 1, 'page_tag' => 'Home', 'page_title' => 'Página Principal', 'page_name' => 'home', 'page_content' => '  Lorem ipsum dolor, sit amet consectetur adipisicing elit. Necessitatibus omnis fuga voluptatum ratione nesciunt rerum voluptatem placeat sit suscipit optio atque maiores iusto autem praesentium vel, ipsam quo soluta facilis?']) C:\Apache24\htdocs\tienda-virtual\Controllers\Home.php:14
[22-Jan-2024 23:53:37 UTC] PHP   5. require_once() C:\Apache24\htdocs\tienda-virtual\Libraries\Core\Views.php:12
[22-Jan-2024 23:54:33 UTC] Hello, errors!
[23-Jan-2024 00:04:00 UTC] Hello, errors!
[23-Jan-2024 00:04:23 UTC] Hello, errors!
[23-Jan-2024 00:04:30 UTC] Hello, errors!
[23-Jan-2024 00:04:31 UTC] Hello, errors!
[23-Jan-2024 00:04:32 UTC] Hello, errors!
[23-Jan-2024 00:04:33 UTC] Hello, errors!
[23-Jan-2024 00:05:37 UTC] Hello, errors!
[23-Jan-2024 00:10:19 UTC] Hello, errors!
[23-Jan-2024 00:11:05 UTC] Hello, errors!
[23-Jan-2024 00:14:00 UTC] Hello, errors!
[31-Jan-2024 20:34:37 UTC] Hello, errors!
[31-Jan-2024 20:40:30 UTC] Hello, errors!
[31-Jan-2024 20:44:17 UTC] Hello, errors!
[31-Jan-2024 20:50:19 UTC] Hello, errors!
[31-Jan-2024 20:53:27 UTC] Hello, errors!
[31-Jan-2024 20:53:55 UTC] Hello, errors!
[31-Jan-2024 20:53:57 UTC] Hello, errors!
[31-Jan-2024 20:54:26 UTC] Hello, errors!
[31-Jan-2024 20:54:43 UTC] Hello, errors!
[31-Jan-2024 20:54:44 UTC] Hello, errors!
[31-Jan-2024 20:54:45 UTC] Hello, errors!
[31-Jan-2024 20:57:35 UTC] Hello, errors!
[31-Jan-2024 20:58:09 UTC] Hello, errors!
[31-Jan-2024 21:00:04 UTC] Hello, errors!
[31-Jan-2024 21:00:06 UTC] Hello, errors!
[31-Jan-2024 21:06:12 UTC] Hello, errors!
[31-Jan-2024 21:08:30 UTC] Hello, errors!
[31-Jan-2024 21:08:34 UTC] Hello, errors!
[31-Jan-2024 21:08:41 UTC] Hello, errors!
[31-Jan-2024 21:08:53 UTC] Hello, errors!
[31-Jan-2024 21:09:43 UTC] Hello, errors!
[31-Jan-2024 21:09:45 UTC] Hello, errors!
[31-Jan-2024 23:32:44 UTC] Hello, errors!
[31-Jan-2024 23:32:49 UTC] Hello, errors!
[31-Jan-2024 23:33:52 UTC] Hello, errors!
[31-Jan-2024 23:37:54 UTC] Hello, errors!
[31-Jan-2024 23:38:33 UTC] Hello, errors!
[31-Jan-2024 23:39:26 UTC] Hello, errors!
[31-Jan-2024 23:39:59 UTC] Hello, errors!
[01-Feb-2024 00:17:50 UTC] Hello, errors!
[01-Feb-2024 01:52:19 UTC] Hello, errors!
[01-Feb-2024 01:52:23 UTC] Hello, errors!
[16-Feb-2024 19:19:32 UTC] Hello, errors!
[16-Feb-2024 19:19:37 UTC] Hello, errors!
[16-Feb-2024 19:35:22 UTC] Hello, errors!
[16-Feb-2024 19:35:55 UTC] Hello, errors!
[16-Feb-2024 19:46:31 UTC] Hello, errors!
[16-Feb-2024 20:02:19 UTC] Hello, errors!
[17-Feb-2024 11:06:38 UTC] Hello, errors!
[17-Feb-2024 11:06:45 UTC] Hello, errors!
[17-Feb-2024 11:06:46 UTC] Hello, errors!
[17-Feb-2024 11:06:46 UTC] Hello, errors!
[17-Feb-2024 11:06:46 UTC] Hello, errors!
[17-Feb-2024 11:06:46 UTC] Hello, errors!
[17-Feb-2024 11:06:46 UTC] Hello, errors!
[17-Feb-2024 11:06:46 UTC] Hello, errors!
[17-Feb-2024 11:11:06 UTC] Hello, errors!
[17-Feb-2024 11:11:06 UTC] Hello, errors!
[17-Feb-2024 11:11:06 UTC] Hello, errors!
[17-Feb-2024 11:11:06 UTC] Hello, errors!
[17-Feb-2024 11:11:06 UTC] Hello, errors!
[17-Feb-2024 11:11:06 UTC] Hello, errors!
[17-Feb-2024 11:14:11 UTC] Hello, errors!
[17-Feb-2024 11:14:12 UTC] Hello, errors!
[17-Feb-2024 11:14:12 UTC] Hello, errors!
[17-Feb-2024 11:14:12 UTC] Hello, errors!
[17-Feb-2024 11:14:32 UTC] Hello, errors!
[17-Feb-2024 11:14:37 UTC] Hello, errors!
[17-Feb-2024 11:15:09 UTC] Hello, errors!
[17-Feb-2024 11:15:09 UTC] Hello, errors!
[17-Feb-2024 11:15:14 UTC] Hello, errors!
[17-Feb-2024 11:15:14 UTC] Hello, errors!
[17-Feb-2024 11:15:14 UTC] Hello, errors!
[17-Feb-2024 11:22:36 UTC] Hello, errors!
[17-Feb-2024 11:23:03 UTC] Hello, errors!
[17-Feb-2024 11:23:31 UTC] Hello, errors!
[17-Feb-2024 11:25:16 UTC] Hello, errors!
[17-Feb-2024 11:26:47 UTC] Hello, errors!
[17-Feb-2024 11:26:47 UTC] Hello, errors!
[17-Feb-2024 13:50:10 UTC] Hello, errors!
[17-Feb-2024 13:50:10 UTC] Hello, errors!
[17-Feb-2024 13:57:20 UTC] Hello, errors!
[17-Feb-2024 13:57:20 UTC] Hello, errors!
[17-Feb-2024 13:57:20 UTC] Hello, errors!
[17-Feb-2024 14:24:49 UTC] Hello, errors!
[17-Feb-2024 14:25:08 UTC] Hello, errors!
[17-Feb-2024 14:25:32 UTC] Hello, errors!
[17-Feb-2024 14:26:12 UTC] Hello, errors!
[17-Feb-2024 14:26:12 UTC] Hello, errors!
[17-Feb-2024 14:27:27 UTC] Hello, errors!
[17-Feb-2024 14:27:41 UTC] Hello, errors!
[17-Feb-2024 14:27:41 UTC] Hello, errors!
[17-Feb-2024 14:31:51 UTC] Hello, errors!
[17-Feb-2024 14:31:52 UTC] Hello, errors!
[17-Feb-2024 14:31:52 UTC] Hello, errors!
[17-Feb-2024 14:34:19 UTC] Hello, errors!
[17-Feb-2024 14:34:20 UTC] Hello, errors!
[17-Feb-2024 14:34:20 UTC] Hello, errors!
[17-Feb-2024 14:46:49 UTC] Hello, errors!
[17-Feb-2024 14:48:26 UTC] Hello, errors!
[17-Feb-2024 14:49:06 UTC] Hello, errors!
[17-Feb-2024 14:49:16 UTC] Hello, errors!
[17-Feb-2024 14:49:51 UTC] Hello, errors!
[17-Feb-2024 14:49:56 UTC] Hello, errors!
[17-Feb-2024 14:51:45 UTC] Hello, errors!
[17-Feb-2024 14:51:54 UTC] Hello, errors!
[17-Feb-2024 14:51:58 UTC] Hello, errors!
[17-Feb-2024 14:52:29 UTC] Hello, errors!
[17-Feb-2024 14:52:30 UTC] Hello, errors!
[17-Feb-2024 14:53:16 UTC] Hello, errors!
[17-Feb-2024 14:53:22 UTC] Hello, errors!
[17-Feb-2024 14:53:33 UTC] Hello, errors!
[17-Feb-2024 14:53:33 UTC] Hello, errors!
[17-Feb-2024 14:54:00 UTC] Hello, errors!
[17-Feb-2024 14:54:08 UTC] Hello, errors!
[17-Feb-2024 14:54:10 UTC] Hello, errors!
[17-Feb-2024 18:41:46 UTC] Hello, errors!
[17-Feb-2024 19:59:51 UTC] Hello, errors!
[17-Feb-2024 19:59:58 UTC] Hello, errors!
[17-Feb-2024 21:26:24 UTC] Hello, errors!
[17-Feb-2024 21:42:30 UTC] Hello, errors!
[17-Feb-2024 21:44:11 UTC] Hello, errors!
[18-Feb-2024 00:32:04 UTC] Hello, errors!
[18-Feb-2024 00:41:06 UTC] Hello, errors!
[18-Feb-2024 00:50:55 UTC] Hello, errors!
[17-Feb-2024 20:50:55 America/Caracas] PHP Fatal error:  Uncaught TypeError: Cannot access offset of type string on string in C:\Apache24\htdocs\tienda_virtual\Views\Template\header_admin.php:17
Stack trace:
#0 C:\Apache24\htdocs\tienda_virtual\Helpers\Helpers.php(14): require_once()
#1 C:\Apache24\htdocs\tienda_virtual\Views\Dashboard\dashboard.php(2): headerAdmin()
#2 C:\Apache24\htdocs\tienda_virtual\Libraries\Core\Views.php(12): require_once('C:\\Apache24\\htd...')
#3 C:\Apache24\htdocs\tienda_virtual\Controllers\Dashboard.php(13): Views->getView('Dashboard', 'Views/Dashboard...', Array)
#4 C:\Apache24\htdocs\tienda_virtual\Libraries\Core\Load.php(8): Dashboard->dashboard('')
#5 C:\Apache24\htdocs\tienda_virtual\index.php(43): require_once('C:\\Apache24\\htd...')
#6 {main}
  thrown in C:\Apache24\htdocs\tienda_virtual\Views\Template\header_admin.php on line 17
[18-Feb-2024 00:51:02 UTC] Hello, errors!
[17-Feb-2024 20:51:02 America/Caracas] PHP Fatal error:  Uncaught TypeError: Cannot access offset of type string on string in C:\Apache24\htdocs\tienda_virtual\Views\Template\header_admin.php:17
Stack trace:
#0 C:\Apache24\htdocs\tienda_virtual\Helpers\Helpers.php(14): require_once()
#1 C:\Apache24\htdocs\tienda_virtual\Views\Dashboard\dashboard.php(2): headerAdmin()
#2 C:\Apache24\htdocs\tienda_virtual\Libraries\Core\Views.php(12): require_once('C:\\Apache24\\htd...')
#3 C:\Apache24\htdocs\tienda_virtual\Controllers\Dashboard.php(13): Views->getView('Dashboard', 'Views/Dashboard...', Array)
#4 C:\Apache24\htdocs\tienda_virtual\Libraries\Core\Load.php(8): Dashboard->dashboard('')
#5 C:\Apache24\htdocs\tienda_virtual\index.php(43): require_once('C:\\Apache24\\htd...')
#6 {main}
  thrown in C:\Apache24\htdocs\tienda_virtual\Views\Template\header_admin.php on line 17
[18-Feb-2024 00:52:04 UTC] Hello, errors!
[17-Feb-2024 20:52:04 America/Caracas] PHP Fatal error:  Uncaught TypeError: Cannot access offset of type string on string in C:\Apache24\htdocs\tienda_virtual\Views\Template\header_admin.php:17
Stack trace:
#0 C:\Apache24\htdocs\tienda_virtual\Helpers\Helpers.php(14): require_once()
#1 C:\Apache24\htdocs\tienda_virtual\Views\Dashboard\dashboard.php(2): headerAdmin()
#2 C:\Apache24\htdocs\tienda_virtual\Libraries\Core\Views.php(12): require_once('C:\\Apache24\\htd...')
#3 C:\Apache24\htdocs\tienda_virtual\Controllers\Dashboard.php(13): Views->getView('Dashboard', 'Views/Dashboard...', Array)
#4 C:\Apache24\htdocs\tienda_virtual\Libraries\Core\Load.php(8): Dashboard->dashboard('')
#5 C:\Apache24\htdocs\tienda_virtual\index.php(43): require_once('C:\\Apache24\\htd...')
#6 {main}
  thrown in C:\Apache24\htdocs\tienda_virtual\Views\Template\header_admin.php on line 17
[18-Feb-2024 00:54:02 UTC] Hello, errors!
[17-Feb-2024 20:54:02 America/Caracas] PHP Fatal error:  Uncaught TypeError: Cannot access offset of type string on string in C:\Apache24\htdocs\tienda_virtual\Views\Template\header_admin.php:17
Stack trace:
#0 C:\Apache24\htdocs\tienda_virtual\Helpers\Helpers.php(14): require_once()
#1 C:\Apache24\htdocs\tienda_virtual\Views\Dashboard\dashboard.php(2): headerAdmin()
#2 C:\Apache24\htdocs\tienda_virtual\Libraries\Core\Views.php(12): require_once('C:\\Apache24\\htd...')
#3 C:\Apache24\htdocs\tienda_virtual\Controllers\Dashboard.php(13): Views->getView('Dashboard', 'Views/Dashboard...', Array)
#4 C:\Apache24\htdocs\tienda_virtual\Libraries\Core\Load.php(8): Dashboard->dashboard('')
#5 C:\Apache24\htdocs\tienda_virtual\index.php(43): require_once('C:\\Apache24\\htd...')
#6 {main}
  thrown in C:\Apache24\htdocs\tienda_virtual\Views\Template\header_admin.php on line 17
[18-Feb-2024 00:58:32 UTC] Hello, errors!
[17-Feb-2024 20:58:32 America/Caracas] PHP Fatal error:  Uncaught TypeError: Cannot access offset of type string on string in C:\Apache24\htdocs\tienda_virtual\Views\Template\header_admin.php:17
Stack trace:
#0 C:\Apache24\htdocs\tienda_virtual\Helpers\Helpers.php(14): require_once()
#1 C:\Apache24\htdocs\tienda_virtual\Views\Dashboard\dashboard.php(2): headerAdmin()
#2 C:\Apache24\htdocs\tienda_virtual\Libraries\Core\Views.php(12): require_once('C:\\Apache24\\htd...')
#3 C:\Apache24\htdocs\tienda_virtual\Controllers\Dashboard.php(13): Views->getView('Dashboard', 'Views/Dashboard...', Array)
#4 C:\Apache24\htdocs\tienda_virtual\Libraries\Core\Load.php(8): Dashboard->dashboard('')
#5 C:\Apache24\htdocs\tienda_virtual\index.php(43): require_once('C:\\Apache24\\htd...')
#6 {main}
  thrown in C:\Apache24\htdocs\tienda_virtual\Views\Template\header_admin.php on line 17
[18-Feb-2024 00:58:49 UTC] Hello, errors!
[17-Feb-2024 20:58:49 America/Caracas] PHP Fatal error:  Uncaught TypeError: Cannot access offset of type string on string in C:\Apache24\htdocs\tienda_virtual\Views\Template\header_admin.php:17
Stack trace:
#0 C:\Apache24\htdocs\tienda_virtual\Helpers\Helpers.php(14): require_once()
#1 C:\Apache24\htdocs\tienda_virtual\Views\Dashboard\dashboard.php(2): headerAdmin()
#2 C:\Apache24\htdocs\tienda_virtual\Libraries\Core\Views.php(12): require_once('C:\\Apache24\\htd...')
#3 C:\Apache24\htdocs\tienda_virtual\Controllers\Dashboard.php(13): Views->getView('Dashboard', 'Views/Dashboard...', Array)
#4 C:\Apache24\htdocs\tienda_virtual\Libraries\Core\Load.php(8): Dashboard->dashboard('')
#5 C:\Apache24\htdocs\tienda_virtual\index.php(43): require_once('C:\\Apache24\\htd...')
#6 {main}
  thrown in C:\Apache24\htdocs\tienda_virtual\Views\Template\header_admin.php on line 17
[18-Feb-2024 01:09:59 UTC] Hello, errors!
[17-Feb-2024 21:09:59 America/Caracas] PHP Fatal error:  Uncaught TypeError: Cannot access offset of type string on string in C:\Apache24\htdocs\tienda_virtual\Views\Template\header_admin.php:17
Stack trace:
#0 C:\Apache24\htdocs\tienda_virtual\Helpers\Helpers.php(14): require_once()
#1 C:\Apache24\htdocs\tienda_virtual\Views\Dashboard\dashboard.php(2): headerAdmin()
#2 C:\Apache24\htdocs\tienda_virtual\Libraries\Core\Views.php(12): require_once('C:\\Apache24\\htd...')
#3 C:\Apache24\htdocs\tienda_virtual\Controllers\Dashboard.php(13): Views->getView('Dashboard', 'Views/Dashboard...', Array)
#4 C:\Apache24\htdocs\tienda_virtual\Libraries\Core\Load.php(8): Dashboard->dashboard('')
#5 C:\Apache24\htdocs\tienda_virtual\index.php(43): require_once('C:\\Apache24\\htd...')
#6 {main}
  thrown in C:\Apache24\htdocs\tienda_virtual\Views\Template\header_admin.php on line 17
[18-Feb-2024 01:10:58 UTC] Hello, errors!
[17-Feb-2024 21:10:58 America/Caracas] PHP Fatal error:  Uncaught TypeError: Cannot access offset of type string on string in C:\Apache24\htdocs\tienda_virtual\Views\Template\header_admin.php:17
Stack trace:
#0 C:\Apache24\htdocs\tienda_virtual\Helpers\Helpers.php(14): require_once()
#1 C:\Apache24\htdocs\tienda_virtual\Views\Dashboard\dashboard.php(2): headerAdmin()
#2 C:\Apache24\htdocs\tienda_virtual\Libraries\Core\Views.php(12): require_once('C:\\Apache24\\htd...')
#3 C:\Apache24\htdocs\tienda_virtual\Controllers\Dashboard.php(13): Views->getView('Dashboard', 'Views/Dashboard...', Array)
#4 C:\Apache24\htdocs\tienda_virtual\Libraries\Core\Load.php(8): Dashboard->dashboard('')
#5 C:\Apache24\htdocs\tienda_virtual\index.php(43): require_once('C:\\Apache24\\htd...')
#6 {main}
  thrown in C:\Apache24\htdocs\tienda_virtual\Views\Template\header_admin.php on line 17
[18-Feb-2024 01:14:00 UTC] Hello, errors!
[17-Feb-2024 21:14:00 America/Caracas] PHP Fatal error:  Uncaught TypeError: Cannot access offset of type string on string in C:\Apache24\htdocs\tienda_virtual\Views\Template\header_admin.php:17
Stack trace:
#0 C:\Apache24\htdocs\tienda_virtual\Helpers\Helpers.php(14): require_once()
#1 C:\Apache24\htdocs\tienda_virtual\Views\Dashboard\dashboard.php(2): headerAdmin()
#2 C:\Apache24\htdocs\tienda_virtual\Libraries\Core\Views.php(12): require_once('C:\\Apache24\\htd...')
#3 C:\Apache24\htdocs\tienda_virtual\Controllers\Dashboard.php(13): Views->getView('Dashboard', 'Views/Dashboard...', Array)
#4 C:\Apache24\htdocs\tienda_virtual\Libraries\Core\Load.php(8): Dashboard->dashboard('')
#5 C:\Apache24\htdocs\tienda_virtual\index.php(43): require_once('C:\\Apache24\\htd...')
#6 {main}
  thrown in C:\Apache24\htdocs\tienda_virtual\Views\Template\header_admin.php on line 17
[18-Feb-2024 01:19:52 UTC] Hello, errors!
[17-Feb-2024 21:19:52 America/Caracas] PHP Fatal error:  Uncaught TypeError: Cannot access offset of type string on string in C:\Apache24\htdocs\tienda_virtual\Views\Template\header_admin.php:17
Stack trace:
#0 C:\Apache24\htdocs\tienda_virtual\Helpers\Helpers.php(14): require_once()
#1 C:\Apache24\htdocs\tienda_virtual\Views\Dashboard\dashboard.php(2): headerAdmin()
#2 C:\Apache24\htdocs\tienda_virtual\Libraries\Core\Views.php(12): require_once('C:\\Apache24\\htd...')
#3 C:\Apache24\htdocs\tienda_virtual\Controllers\Dashboard.php(13): Views->getView('Dashboard', 'Views/Dashboard...', Array)
#4 C:\Apache24\htdocs\tienda_virtual\Libraries\Core\Load.php(8): Dashboard->dashboard('')
#5 C:\Apache24\htdocs\tienda_virtual\index.php(43): require_once('C:\\Apache24\\htd...')
#6 {main}
  thrown in C:\Apache24\htdocs\tienda_virtual\Views\Template\header_admin.php on line 17
[18-Feb-2024 01:23:55 UTC] Hello, errors!
[18-Feb-2024 01:24:00 UTC] Hello, errors!
[17-Feb-2024 21:24:00 America/Caracas] PHP Fatal error:  Uncaught TypeError: Cannot access offset of type string on string in C:\Apache24\htdocs\tienda_virtual\Views\Template\header_admin.php:17
Stack trace:
#0 C:\Apache24\htdocs\tienda_virtual\Helpers\Helpers.php(14): require_once()
#1 C:\Apache24\htdocs\tienda_virtual\Views\Dashboard\dashboard.php(2): headerAdmin()
#2 C:\Apache24\htdocs\tienda_virtual\Libraries\Core\Views.php(12): require_once('C:\\Apache24\\htd...')
#3 C:\Apache24\htdocs\tienda_virtual\Controllers\Dashboard.php(13): Views->getView('Dashboard', 'Views/Dashboard...', Array)
#4 C:\Apache24\htdocs\tienda_virtual\Libraries\Core\Load.php(8): Dashboard->dashboard('')
#5 C:\Apache24\htdocs\tienda_virtual\index.php(43): require_once('C:\\Apache24\\htd...')
#6 {main}
  thrown in C:\Apache24\htdocs\tienda_virtual\Views\Template\header_admin.php on line 17
[18-Feb-2024 01:24:54 UTC] Hello, errors!
[18-Feb-2024 01:24:55 UTC] Hello, errors!
[18-Feb-2024 01:24:55 UTC] Hello, errors!
[18-Feb-2024 01:31:27 UTC] Hello, errors!
[17-Feb-2024 21:31:27 America/Caracas] PHP Fatal error:  Uncaught TypeError: Cannot access offset of type string on string in C:\Apache24\htdocs\tienda_virtual\Views\Template\header_admin.php:17
Stack trace:
#0 C:\Apache24\htdocs\tienda_virtual\Helpers\Helpers.php(14): require_once()
#1 C:\Apache24\htdocs\tienda_virtual\Views\Dashboard\dashboard.php(1): headerAdmin()
#2 C:\Apache24\htdocs\tienda_virtual\Libraries\Core\Views.php(12): require_once('C:\\Apache24\\htd...')
#3 C:\Apache24\htdocs\tienda_virtual\Controllers\Dashboard.php(13): Views->getView('Dashboard', 'Views/Dashboard...', Array)
#4 C:\Apache24\htdocs\tienda_virtual\Libraries\Core\Load.php(8): Dashboard->dashboard('')
#5 C:\Apache24\htdocs\tienda_virtual\index.php(43): require_once('C:\\Apache24\\htd...')
#6 {main}
  thrown in C:\Apache24\htdocs\tienda_virtual\Views\Template\header_admin.php on line 17
[18-Feb-2024 01:31:30 UTC] Hello, errors!
[17-Feb-2024 21:31:30 America/Caracas] PHP Fatal error:  Uncaught TypeError: Cannot access offset of type string on string in C:\Apache24\htdocs\tienda_virtual\Views\Template\header_admin.php:17
Stack trace:
#0 C:\Apache24\htdocs\tienda_virtual\Helpers\Helpers.php(14): require_once()
#1 C:\Apache24\htdocs\tienda_virtual\Views\Dashboard\dashboard.php(1): headerAdmin()
#2 C:\Apache24\htdocs\tienda_virtual\Libraries\Core\Views.php(12): require_once('C:\\Apache24\\htd...')
#3 C:\Apache24\htdocs\tienda_virtual\Controllers\Dashboard.php(13): Views->getView('Dashboard', 'Views/Dashboard...', Array)
#4 C:\Apache24\htdocs\tienda_virtual\Libraries\Core\Load.php(8): Dashboard->dashboard('')
#5 C:\Apache24\htdocs\tienda_virtual\index.php(43): require_once('C:\\Apache24\\htd...')
#6 {main}
  thrown in C:\Apache24\htdocs\tienda_virtual\Views\Template\header_admin.php on line 17
[18-Feb-2024 01:48:58 UTC] Hello, errors!
[18-Feb-2024 01:48:59 UTC] Hello, errors!
[18-Feb-2024 01:48:59 UTC] Hello, errors!
[18-Feb-2024 10:23:53 UTC] Hello, errors!
[18-Feb-2024 10:30:09 UTC] Hello, errors!
[18-Feb-2024 06:30:09 America/Caracas] PHP Fatal error:  Uncaught TypeError: Cannot access offset of type string on string in C:\Apache24\htdocs\tienda_virtual\Views\Template\header_admin.php:17
Stack trace:
#0 C:\Apache24\htdocs\tienda_virtual\Helpers\Helpers.php(14): require_once()
#1 C:\Apache24\htdocs\tienda_virtual\Views\Dashboard\dashboard.php(150): headerAdmin()
#2 C:\Apache24\htdocs\tienda_virtual\Libraries\Core\Views.php(12): require_once('C:\\Apache24\\htd...')
#3 C:\Apache24\htdocs\tienda_virtual\Controllers\Dashboard.php(13): Views->getView('Dashboard', 'Views/Dashboard...', Array)
#4 C:\Apache24\htdocs\tienda_virtual\Libraries\Core\Load.php(8): Dashboard->dashboard('')
#5 C:\Apache24\htdocs\tienda_virtual\index.php(43): require_once('C:\\Apache24\\htd...')
#6 {main}
  thrown in C:\Apache24\htdocs\tienda_virtual\Views\Template\header_admin.php on line 17
[18-Feb-2024 10:30:13 UTC] Hello, errors!
[18-Feb-2024 06:30:13 America/Caracas] PHP Fatal error:  Uncaught TypeError: Cannot access offset of type string on string in C:\Apache24\htdocs\tienda_virtual\Views\Template\header_admin.php:17
Stack trace:
#0 C:\Apache24\htdocs\tienda_virtual\Helpers\Helpers.php(14): require_once()
#1 C:\Apache24\htdocs\tienda_virtual\Views\Dashboard\dashboard.php(150): headerAdmin()
#2 C:\Apache24\htdocs\tienda_virtual\Libraries\Core\Views.php(12): require_once('C:\\Apache24\\htd...')
#3 C:\Apache24\htdocs\tienda_virtual\Controllers\Dashboard.php(13): Views->getView('Dashboard', 'Views/Dashboard...', Array)
#4 C:\Apache24\htdocs\tienda_virtual\Libraries\Core\Load.php(8): Dashboard->dashboard('')
#5 C:\Apache24\htdocs\tienda_virtual\index.php(43): require_once('C:\\Apache24\\htd...')
#6 {main}
  thrown in C:\Apache24\htdocs\tienda_virtual\Views\Template\header_admin.php on line 17
[18-Feb-2024 10:30:29 UTC] Hello, errors!
[18-Feb-2024 06:30:29 America/Caracas] PHP Fatal error:  Uncaught TypeError: Cannot access offset of type string on string in C:\Apache24\htdocs\tienda_virtual\Views\Template\header_admin.php:17
Stack trace:
#0 C:\Apache24\htdocs\tienda_virtual\Helpers\Helpers.php(14): require_once()
#1 C:\Apache24\htdocs\tienda_virtual\Views\Dashboard\dashboard.php(150): headerAdmin()
#2 C:\Apache24\htdocs\tienda_virtual\Libraries\Core\Views.php(12): require_once('C:\\Apache24\\htd...')
#3 C:\Apache24\htdocs\tienda_virtual\Controllers\Dashboard.php(13): Views->getView('Dashboard', 'Views/Dashboard...', Array)
#4 C:\Apache24\htdocs\tienda_virtual\Libraries\Core\Load.php(8): Dashboard->dashboard('')
#5 C:\Apache24\htdocs\tienda_virtual\index.php(43): require_once('C:\\Apache24\\htd...')
#6 {main}
  thrown in C:\Apache24\htdocs\tienda_virtual\Views\Template\header_admin.php on line 17
[18-Feb-2024 10:31:21 UTC] Hello, errors!
[18-Feb-2024 06:31:21 America/Caracas] PHP Fatal error:  Uncaught TypeError: Cannot access offset of type string on string in C:\Apache24\htdocs\tienda_virtual\Views\Template\header_admin.php:17
Stack trace:
#0 C:\Apache24\htdocs\tienda_virtual\Helpers\Helpers.php(14): require_once()
#1 C:\Apache24\htdocs\tienda_virtual\Views\Dashboard\dashboard.php(150): headerAdmin()
#2 C:\Apache24\htdocs\tienda_virtual\Libraries\Core\Views.php(12): require_once('C:\\Apache24\\htd...')
#3 C:\Apache24\htdocs\tienda_virtual\Controllers\Dashboard.php(13): Views->getView('Dashboard', 'Views/Dashboard...', Array)
#4 C:\Apache24\htdocs\tienda_virtual\Libraries\Core\Load.php(8): Dashboard->dashboard('')
#5 C:\Apache24\htdocs\tienda_virtual\index.php(43): require_once('C:\\Apache24\\htd...')
#6 {main}
  thrown in C:\Apache24\htdocs\tienda_virtual\Views\Template\header_admin.php on line 17
[18-Feb-2024 10:31:55 UTC] Hello, errors!
[18-Feb-2024 06:31:55 America/Caracas] PHP Fatal error:  Uncaught TypeError: Cannot access offset of type string on string in C:\Apache24\htdocs\tienda_virtual\Views\Template\header_admin.php:17
Stack trace:
#0 C:\Apache24\htdocs\tienda_virtual\Helpers\Helpers.php(14): require_once()
#1 C:\Apache24\htdocs\tienda_virtual\Views\Dashboard\dashboard.php(150): headerAdmin()
#2 C:\Apache24\htdocs\tienda_virtual\Libraries\Core\Views.php(12): require_once('C:\\Apache24\\htd...')
#3 C:\Apache24\htdocs\tienda_virtual\Controllers\Dashboard.php(13): Views->getView('Dashboard', 'Views/Dashboard...', Array)
#4 C:\Apache24\htdocs\tienda_virtual\Libraries\Core\Load.php(8): Dashboard->dashboard('')
#5 C:\Apache24\htdocs\tienda_virtual\index.php(43): require_once('C:\\Apache24\\htd...')
#6 {main}
  thrown in C:\Apache24\htdocs\tienda_virtual\Views\Template\header_admin.php on line 17
[18-Feb-2024 10:33:52 UTC] Hello, errors!
[18-Feb-2024 10:35:42 UTC] Hello, errors!
[18-Feb-2024 10:36:49 UTC] Hello, errors!
[18-Feb-2024 06:36:49 America/Caracas] PHP Warning:  Undefined variable $data in C:\Apache24\htdocs\tienda_virtual\Views\Template\header_admin.php on line 17
[18-Feb-2024 06:36:49 America/Caracas] PHP Stack trace:
[18-Feb-2024 06:36:49 America/Caracas] PHP   1. {main}() C:\Apache24\htdocs\tienda_virtual\index.php:0
[18-Feb-2024 06:36:49 America/Caracas] PHP   2. require_once() C:\Apache24\htdocs\tienda_virtual\index.php:43
[18-Feb-2024 06:36:49 America/Caracas] PHP   3. Dashboard->dashboard('') C:\Apache24\htdocs\tienda_virtual\Libraries\Core\Load.php:8
[18-Feb-2024 06:36:49 America/Caracas] PHP   4. Views->getView($controller = class Dashboard { protected $model = NULL; protected $views = class Views {  } }, $view = 'dashboard', $data = ['page_id' => 2, 'page_tag' => 'Dashboard-Tienda Virtual', 'page_title' => 'Dashboard-Tienda Virtual', 'page_name' => 'dashboard']) C:\Apache24\htdocs\tienda_virtual\Controllers\Dashboard.php:13
[18-Feb-2024 06:36:49 America/Caracas] PHP   5. require_once() C:\Apache24\htdocs\tienda_virtual\Libraries\Core\Views.php:12
[18-Feb-2024 06:36:49 America/Caracas] PHP   6. headerAdmin(['page_id' => 2, 'page_tag' => 'Dashboard-Tienda Virtual', 'page_title' => 'Dashboard-Tienda Virtual', 'page_name' => 'dashboard']) C:\Apache24\htdocs\tienda_virtual\Views\Dashboard\dashboard.php:151
[18-Feb-2024 06:36:49 America/Caracas] PHP   7. require_once() C:\Apache24\htdocs\tienda_virtual\Helpers\Helpers.php:14
[18-Feb-2024 06:36:49 America/Caracas] PHP Warning:  Trying to access array offset on value of type null in C:\Apache24\htdocs\tienda_virtual\Views\Template\header_admin.php on line 17
[18-Feb-2024 06:36:49 America/Caracas] PHP Stack trace:
[18-Feb-2024 06:36:49 America/Caracas] PHP   1. {main}() C:\Apache24\htdocs\tienda_virtual\index.php:0
[18-Feb-2024 06:36:49 America/Caracas] PHP   2. require_once() C:\Apache24\htdocs\tienda_virtual\index.php:43
[18-Feb-2024 06:36:49 America/Caracas] PHP   3. Dashboard->dashboard('') C:\Apache24\htdocs\tienda_virtual\Libraries\Core\Load.php:8
[18-Feb-2024 06:36:49 America/Caracas] PHP   4. Views->getView($controller = class Dashboard { protected $model = NULL; protected $views = class Views {  } }, $view = 'dashboard', $data = ['page_id' => 2, 'page_tag' => 'Dashboard-Tienda Virtual', 'page_title' => 'Dashboard-Tienda Virtual', 'page_name' => 'dashboard']) C:\Apache24\htdocs\tienda_virtual\Controllers\Dashboard.php:13
[18-Feb-2024 06:36:49 America/Caracas] PHP   5. require_once() C:\Apache24\htdocs\tienda_virtual\Libraries\Core\Views.php:12
[18-Feb-2024 06:36:49 America/Caracas] PHP   6. headerAdmin(['page_id' => 2, 'page_tag' => 'Dashboard-Tienda Virtual', 'page_title' => 'Dashboard-Tienda Virtual', 'page_name' => 'dashboard']) C:\Apache24\htdocs\tienda_virtual\Views\Dashboard\dashboard.php:151
[18-Feb-2024 06:36:49 America/Caracas] PHP   7. require_once() C:\Apache24\htdocs\tienda_virtual\Helpers\Helpers.php:14
[18-Feb-2024 10:37:43 UTC] Hello, errors!
[18-Feb-2024 06:37:43 America/Caracas] PHP Warning:  Undefined variable $data in C:\Apache24\htdocs\tienda_virtual\Views\Template\header_admin.php on line 17
[18-Feb-2024 06:37:43 America/Caracas] PHP Stack trace:
[18-Feb-2024 06:37:43 America/Caracas] PHP   1. {main}() C:\Apache24\htdocs\tienda_virtual\index.php:0
[18-Feb-2024 06:37:43 America/Caracas] PHP   2. require_once() C:\Apache24\htdocs\tienda_virtual\index.php:43
[18-Feb-2024 06:37:43 America/Caracas] PHP   3. Dashboard->dashboard('') C:\Apache24\htdocs\tienda_virtual\Libraries\Core\Load.php:8
[18-Feb-2024 06:37:43 America/Caracas] PHP   4. Views->getView($controller = class Dashboard { protected $model = NULL; protected $views = class Views {  } }, $view = 'dashboard', $data = ['page_id' => 2, 'page_tag' => 'Dashboard-Tienda Virtual', 'page_title' => 'Dashboard-Tienda Virtual', 'page_name' => 'dashboard']) C:\Apache24\htdocs\tienda_virtual\Controllers\Dashboard.php:13
[18-Feb-2024 06:37:43 America/Caracas] PHP   5. require_once() C:\Apache24\htdocs\tienda_virtual\Libraries\Core\Views.php:12
[18-Feb-2024 06:37:43 America/Caracas] PHP   6. headerAdmin(['page_id' => 2, 'page_tag' => 'Dashboard-Tienda Virtual', 'page_title' => 'Dashboard-Tienda Virtual', 'page_name' => 'dashboard']) C:\Apache24\htdocs\tienda_virtual\Views\Dashboard\dashboard.php:151
[18-Feb-2024 06:37:43 America/Caracas] PHP   7. require_once() C:\Apache24\htdocs\tienda_virtual\Helpers\Helpers.php:14
[18-Feb-2024 06:37:43 America/Caracas] PHP Warning:  Trying to access array offset on value of type null in C:\Apache24\htdocs\tienda_virtual\Views\Template\header_admin.php on line 17
[18-Feb-2024 06:37:43 America/Caracas] PHP Stack trace:
[18-Feb-2024 06:37:43 America/Caracas] PHP   1. {main}() C:\Apache24\htdocs\tienda_virtual\index.php:0
[18-Feb-2024 06:37:43 America/Caracas] PHP   2. require_once() C:\Apache24\htdocs\tienda_virtual\index.php:43
[18-Feb-2024 06:37:43 America/Caracas] PHP   3. Dashboard->dashboard('') C:\Apache24\htdocs\tienda_virtual\Libraries\Core\Load.php:8
[18-Feb-2024 06:37:43 America/Caracas] PHP   4. Views->getView($controller = class Dashboard { protected $model = NULL; protected $views = class Views {  } }, $view = 'dashboard', $data = ['page_id' => 2, 'page_tag' => 'Dashboard-Tienda Virtual', 'page_title' => 'Dashboard-Tienda Virtual', 'page_name' => 'dashboard']) C:\Apache24\htdocs\tienda_virtual\Controllers\Dashboard.php:13
[18-Feb-2024 06:37:43 America/Caracas] PHP   5. require_once() C:\Apache24\htdocs\tienda_virtual\Libraries\Core\Views.php:12
[18-Feb-2024 06:37:43 America/Caracas] PHP   6. headerAdmin(['page_id' => 2, 'page_tag' => 'Dashboard-Tienda Virtual', 'page_title' => 'Dashboard-Tienda Virtual', 'page_name' => 'dashboard']) C:\Apache24\htdocs\tienda_virtual\Views\Dashboard\dashboard.php:151
[18-Feb-2024 06:37:43 America/Caracas] PHP   7. require_once() C:\Apache24\htdocs\tienda_virtual\Helpers\Helpers.php:14
[18-Feb-2024 10:37:51 UTC] Hello, errors!
[18-Feb-2024 06:37:51 America/Caracas] PHP Warning:  Undefined variable $data in C:\Apache24\htdocs\tienda_virtual\Views\Template\header_admin.php on line 17
[18-Feb-2024 06:37:51 America/Caracas] PHP Stack trace:
[18-Feb-2024 06:37:51 America/Caracas] PHP   1. {main}() C:\Apache24\htdocs\tienda_virtual\index.php:0
[18-Feb-2024 06:37:51 America/Caracas] PHP   2. require_once() C:\Apache24\htdocs\tienda_virtual\index.php:43
[18-Feb-2024 06:37:51 America/Caracas] PHP   3. Dashboard->dashboard('') C:\Apache24\htdocs\tienda_virtual\Libraries\Core\Load.php:8
[18-Feb-2024 06:37:51 America/Caracas] PHP   4. Views->getView($controller = class Dashboard { protected $model = NULL; protected $views = class Views {  } }, $view = 'dashboard', $data = ['page_id' => 2, 'page_tag' => 'Dashboard-Tienda Virtual', 'page_title' => 'Dashboard-Tienda Virtual', 'page_name' => 'dashboard']) C:\Apache24\htdocs\tienda_virtual\Controllers\Dashboard.php:13
[18-Feb-2024 06:37:51 America/Caracas] PHP   5. require_once() C:\Apache24\htdocs\tienda_virtual\Libraries\Core\Views.php:12
[18-Feb-2024 06:37:51 America/Caracas] PHP   6. headerAdmin(['page_id' => 2, 'page_tag' => 'Dashboard-Tienda Virtual', 'page_title' => 'Dashboard-Tienda Virtual', 'page_name' => 'dashboard']) C:\Apache24\htdocs\tienda_virtual\Views\Dashboard\dashboard.php:151
[18-Feb-2024 06:37:51 America/Caracas] PHP   7. require_once() C:\Apache24\htdocs\tienda_virtual\Helpers\Helpers.php:14
[18-Feb-2024 06:37:51 America/Caracas] PHP Warning:  Trying to access array offset on value of type null in C:\Apache24\htdocs\tienda_virtual\Views\Template\header_admin.php on line 17
[18-Feb-2024 06:37:51 America/Caracas] PHP Stack trace:
[18-Feb-2024 06:37:51 America/Caracas] PHP   1. {main}() C:\Apache24\htdocs\tienda_virtual\index.php:0
[18-Feb-2024 06:37:51 America/Caracas] PHP   2. require_once() C:\Apache24\htdocs\tienda_virtual\index.php:43
[18-Feb-2024 06:37:51 America/Caracas] PHP   3. Dashboard->dashboard('') C:\Apache24\htdocs\tienda_virtual\Libraries\Core\Load.php:8
[18-Feb-2024 06:37:51 America/Caracas] PHP   4. Views->getView($controller = class Dashboard { protected $model = NULL; protected $views = class Views {  } }, $view = 'dashboard', $data = ['page_id' => 2, 'page_tag' => 'Dashboard-Tienda Virtual', 'page_title' => 'Dashboard-Tienda Virtual', 'page_name' => 'dashboard']) C:\Apache24\htdocs\tienda_virtual\Controllers\Dashboard.php:13
[18-Feb-2024 06:37:51 America/Caracas] PHP   5. require_once() C:\Apache24\htdocs\tienda_virtual\Libraries\Core\Views.php:12
[18-Feb-2024 06:37:51 America/Caracas] PHP   6. headerAdmin(['page_id' => 2, 'page_tag' => 'Dashboard-Tienda Virtual', 'page_title' => 'Dashboard-Tienda Virtual', 'page_name' => 'dashboard']) C:\Apache24\htdocs\tienda_virtual\Views\Dashboard\dashboard.php:151
[18-Feb-2024 06:37:51 America/Caracas] PHP   7. require_once() C:\Apache24\htdocs\tienda_virtual\Helpers\Helpers.php:14
[18-Feb-2024 10:39:24 UTC] Hello, errors!
[18-Feb-2024 10:40:06 UTC] Hello, errors!
[18-Feb-2024 10:40:30 UTC] Hello, errors!
[18-Feb-2024 10:41:16 UTC] Hello, errors!
[18-Feb-2024 10:45:19 UTC] Hello, errors!
[18-Feb-2024 10:45:55 UTC] Hello, errors!
[18-Feb-2024 10:46:35 UTC] Hello, errors!
[18-Feb-2024 06:46:35 America/Caracas] PHP Warning:  Undefined variable $data in C:\Apache24\htdocs\tienda_virtual\Views\Template\header_admin.php on line 17
[18-Feb-2024 06:46:35 America/Caracas] PHP Stack trace:
[18-Feb-2024 06:46:35 America/Caracas] PHP   1. {main}() C:\Apache24\htdocs\tienda_virtual\index.php:0
[18-Feb-2024 06:46:35 America/Caracas] PHP   2. require_once() C:\Apache24\htdocs\tienda_virtual\index.php:43
[18-Feb-2024 06:46:35 America/Caracas] PHP   3. Dashboard->dashboard('') C:\Apache24\htdocs\tienda_virtual\Libraries\Core\Load.php:8
[18-Feb-2024 06:46:35 America/Caracas] PHP   4. Views->getView($controller = class Dashboard { protected $model = NULL; protected $views = class Views {  } }, $view = 'dashboard', $data = ['page_id' => 2, 'page_tag' => 'Dashboard-Tienda Virtual', 'page_title' => 'Dashboard-Tienda Virtual', 'page_name' => 'dashboard']) C:\Apache24\htdocs\tienda_virtual\Controllers\Dashboard.php:13
[18-Feb-2024 06:46:35 America/Caracas] PHP   5. require_once() C:\Apache24\htdocs\tienda_virtual\Libraries\Core\Views.php:12
[18-Feb-2024 06:46:35 America/Caracas] PHP   6. headerAdmin() C:\Apache24\htdocs\tienda_virtual\Views\Dashboard\dashboard.php:2
[18-Feb-2024 06:46:35 America/Caracas] PHP   7. require_once() C:\Apache24\htdocs\tienda_virtual\Helpers\Helpers.php:14
[18-Feb-2024 06:46:35 America/Caracas] PHP Warning:  Trying to access array offset on value of type null in C:\Apache24\htdocs\tienda_virtual\Views\Template\header_admin.php on line 17
[18-Feb-2024 06:46:35 America/Caracas] PHP Stack trace:
[18-Feb-2024 06:46:35 America/Caracas] PHP   1. {main}() C:\Apache24\htdocs\tienda_virtual\index.php:0
[18-Feb-2024 06:46:35 America/Caracas] PHP   2. require_once() C:\Apache24\htdocs\tienda_virtual\index.php:43
[18-Feb-2024 06:46:35 America/Caracas] PHP   3. Dashboard->dashboard('') C:\Apache24\htdocs\tienda_virtual\Libraries\Core\Load.php:8
[18-Feb-2024 06:46:35 America/Caracas] PHP   4. Views->getView($controller = class Dashboard { protected $model = NULL; protected $views = class Views {  } }, $view = 'dashboard', $data = ['page_id' => 2, 'page_tag' => 'Dashboard-Tienda Virtual', 'page_title' => 'Dashboard-Tienda Virtual', 'page_name' => 'dashboard']) C:\Apache24\htdocs\tienda_virtual\Controllers\Dashboard.php:13
[18-Feb-2024 06:46:35 America/Caracas] PHP   5. require_once() C:\Apache24\htdocs\tienda_virtual\Libraries\Core\Views.php:12
[18-Feb-2024 06:46:35 America/Caracas] PHP   6. headerAdmin() C:\Apache24\htdocs\tienda_virtual\Views\Dashboard\dashboard.php:2
[18-Feb-2024 06:46:35 America/Caracas] PHP   7. require_once() C:\Apache24\htdocs\tienda_virtual\Helpers\Helpers.php:14
[18-Feb-2024 10:46:36 UTC] Hello, errors!
[18-Feb-2024 06:46:36 America/Caracas] PHP Warning:  Undefined variable $data in C:\Apache24\htdocs\tienda_virtual\Views\Template\header_admin.php on line 17
[18-Feb-2024 06:46:36 America/Caracas] PHP Stack trace:
[18-Feb-2024 06:46:36 America/Caracas] PHP   1. {main}() C:\Apache24\htdocs\tienda_virtual\index.php:0
[18-Feb-2024 06:46:36 America/Caracas] PHP   2. require_once() C:\Apache24\htdocs\tienda_virtual\index.php:43
[18-Feb-2024 06:46:36 America/Caracas] PHP   3. Dashboard->dashboard('') C:\Apache24\htdocs\tienda_virtual\Libraries\Core\Load.php:8
[18-Feb-2024 06:46:36 America/Caracas] PHP   4. Views->getView($controller = class Dashboard { protected $model = NULL; protected $views = class Views {  } }, $view = 'dashboard', $data = ['page_id' => 2, 'page_tag' => 'Dashboard-Tienda Virtual', 'page_title' => 'Dashboard-Tienda Virtual', 'page_name' => 'dashboard']) C:\Apache24\htdocs\tienda_virtual\Controllers\Dashboard.php:13
[18-Feb-2024 06:46:36 America/Caracas] PHP   5. require_once() C:\Apache24\htdocs\tienda_virtual\Libraries\Core\Views.php:12
[18-Feb-2024 06:46:36 America/Caracas] PHP   6. headerAdmin() C:\Apache24\htdocs\tienda_virtual\Views\Dashboard\dashboard.php:2
[18-Feb-2024 06:46:36 America/Caracas] PHP   7. require_once() C:\Apache24\htdocs\tienda_virtual\Helpers\Helpers.php:14
[18-Feb-2024 06:46:36 America/Caracas] PHP Warning:  Trying to access array offset on value of type null in C:\Apache24\htdocs\tienda_virtual\Views\Template\header_admin.php on line 17
[18-Feb-2024 06:46:36 America/Caracas] PHP Stack trace:
[18-Feb-2024 06:46:36 America/Caracas] PHP   1. {main}() C:\Apache24\htdocs\tienda_virtual\index.php:0
[18-Feb-2024 06:46:36 America/Caracas] PHP   2. require_once() C:\Apache24\htdocs\tienda_virtual\index.php:43
[18-Feb-2024 06:46:36 America/Caracas] PHP   3. Dashboard->dashboard('') C:\Apache24\htdocs\tienda_virtual\Libraries\Core\Load.php:8
[18-Feb-2024 06:46:36 America/Caracas] PHP   4. Views->getView($controller = class Dashboard { protected $model = NULL; protected $views = class Views {  } }, $view = 'dashboard', $data = ['page_id' => 2, 'page_tag' => 'Dashboard-Tienda Virtual', 'page_title' => 'Dashboard-Tienda Virtual', 'page_name' => 'dashboard']) C:\Apache24\htdocs\tienda_virtual\Controllers\Dashboard.php:13
[18-Feb-2024 06:46:36 America/Caracas] PHP   5. require_once() C:\Apache24\htdocs\tienda_virtual\Libraries\Core\Views.php:12
[18-Feb-2024 06:46:36 America/Caracas] PHP   6. headerAdmin() C:\Apache24\htdocs\tienda_virtual\Views\Dashboard\dashboard.php:2
[18-Feb-2024 06:46:36 America/Caracas] PHP   7. require_once() C:\Apache24\htdocs\tienda_virtual\Helpers\Helpers.php:14
[18-Feb-2024 10:46:37 UTC] Hello, errors!
[18-Feb-2024 06:46:37 America/Caracas] PHP Warning:  Undefined variable $data in C:\Apache24\htdocs\tienda_virtual\Views\Template\header_admin.php on line 17
[18-Feb-2024 06:46:37 America/Caracas] PHP Stack trace:
[18-Feb-2024 06:46:37 America/Caracas] PHP   1. {main}() C:\Apache24\htdocs\tienda_virtual\index.php:0
[18-Feb-2024 06:46:37 America/Caracas] PHP   2. require_once() C:\Apache24\htdocs\tienda_virtual\index.php:43
[18-Feb-2024 06:46:37 America/Caracas] PHP   3. Dashboard->dashboard('') C:\Apache24\htdocs\tienda_virtual\Libraries\Core\Load.php:8
[18-Feb-2024 06:46:37 America/Caracas] PHP   4. Views->getView($controller = class Dashboard { protected $model = NULL; protected $views = class Views {  } }, $view = 'dashboard', $data = ['page_id' => 2, 'page_tag' => 'Dashboard-Tienda Virtual', 'page_title' => 'Dashboard-Tienda Virtual', 'page_name' => 'dashboard']) C:\Apache24\htdocs\tienda_virtual\Controllers\Dashboard.php:13
[18-Feb-2024 06:46:37 America/Caracas] PHP   5. require_once() C:\Apache24\htdocs\tienda_virtual\Libraries\Core\Views.php:12
[18-Feb-2024 06:46:37 America/Caracas] PHP   6. headerAdmin() C:\Apache24\htdocs\tienda_virtual\Views\Dashboard\dashboard.php:2
[18-Feb-2024 06:46:37 America/Caracas] PHP   7. require_once() C:\Apache24\htdocs\tienda_virtual\Helpers\Helpers.php:14
[18-Feb-2024 06:46:37 America/Caracas] PHP Warning:  Trying to access array offset on value of type null in C:\Apache24\htdocs\tienda_virtual\Views\Template\header_admin.php on line 17
[18-Feb-2024 06:46:37 America/Caracas] PHP Stack trace:
[18-Feb-2024 06:46:37 America/Caracas] PHP   1. {main}() C:\Apache24\htdocs\tienda_virtual\index.php:0
[18-Feb-2024 06:46:37 America/Caracas] PHP   2. require_once() C:\Apache24\htdocs\tienda_virtual\index.php:43
[18-Feb-2024 06:46:37 America/Caracas] PHP   3. Dashboard->dashboard('') C:\Apache24\htdocs\tienda_virtual\Libraries\Core\Load.php:8
[18-Feb-2024 06:46:37 America/Caracas] PHP   4. Views->getView($controller = class Dashboard { protected $model = NULL; protected $views = class Views {  } }, $view = 'dashboard', $data = ['page_id' => 2, 'page_tag' => 'Dashboard-Tienda Virtual', 'page_title' => 'Dashboard-Tienda Virtual', 'page_name' => 'dashboard']) C:\Apache24\htdocs\tienda_virtual\Controllers\Dashboard.php:13
[18-Feb-2024 06:46:37 America/Caracas] PHP   5. require_once() C:\Apache24\htdocs\tienda_virtual\Libraries\Core\Views.php:12
[18-Feb-2024 06:46:37 America/Caracas] PHP   6. headerAdmin() C:\Apache24\htdocs\tienda_virtual\Views\Dashboard\dashboard.php:2
[18-Feb-2024 06:46:37 America/Caracas] PHP   7. require_once() C:\Apache24\htdocs\tienda_virtual\Helpers\Helpers.php:14
[18-Feb-2024 10:47:20 UTC] Hello, errors!
[18-Feb-2024 06:47:20 America/Caracas] PHP Warning:  Undefined variable $data in C:\Apache24\htdocs\tienda_virtual\Views\Template\header_admin.php on line 17
[18-Feb-2024 06:47:20 America/Caracas] PHP Stack trace:
[18-Feb-2024 06:47:20 America/Caracas] PHP   1. {main}() C:\Apache24\htdocs\tienda_virtual\index.php:0
[18-Feb-2024 06:47:20 America/Caracas] PHP   2. require_once() C:\Apache24\htdocs\tienda_virtual\index.php:43
[18-Feb-2024 06:47:20 America/Caracas] PHP   3. Dashboard->dashboard('') C:\Apache24\htdocs\tienda_virtual\Libraries\Core\Load.php:8
[18-Feb-2024 06:47:20 America/Caracas] PHP   4. Views->getView($controller = class Dashboard { protected $model = NULL; protected $views = class Views {  } }, $view = 'dashboard', $data = ['page_id' => 2, 'page_tag' => 'Dashboard-Tienda Virtual', 'page_title' => 'Dashboard-Tienda Virtual', 'page_name' => 'dashboard']) C:\Apache24\htdocs\tienda_virtual\Controllers\Dashboard.php:13
[18-Feb-2024 06:47:20 America/Caracas] PHP   5. require_once() C:\Apache24\htdocs\tienda_virtual\Libraries\Core\Views.php:12
[18-Feb-2024 06:47:20 America/Caracas] PHP   6. headerAdmin() C:\Apache24\htdocs\tienda_virtual\Views\Dashboard\dashboard.php:2
[18-Feb-2024 06:47:20 America/Caracas] PHP   7. require_once() C:\Apache24\htdocs\tienda_virtual\Helpers\Helpers.php:14
[18-Feb-2024 06:47:20 America/Caracas] PHP Warning:  Trying to access array offset on value of type null in C:\Apache24\htdocs\tienda_virtual\Views\Template\header_admin.php on line 17
[18-Feb-2024 06:47:20 America/Caracas] PHP Stack trace:
[18-Feb-2024 06:47:20 America/Caracas] PHP   1. {main}() C:\Apache24\htdocs\tienda_virtual\index.php:0
[18-Feb-2024 06:47:20 America/Caracas] PHP   2. require_once() C:\Apache24\htdocs\tienda_virtual\index.php:43
[18-Feb-2024 06:47:21 America/Caracas] PHP   3. Dashboard->dashboard('') C:\Apache24\htdocs\tienda_virtual\Libraries\Core\Load.php:8
[18-Feb-2024 06:47:21 America/Caracas] PHP   4. Views->getView($controller = class Dashboard { protected $model = NULL; protected $views = class Views {  } }, $view = 'dashboard', $data = ['page_id' => 2, 'page_tag' => 'Dashboard-Tienda Virtual', 'page_title' => 'Dashboard-Tienda Virtual', 'page_name' => 'dashboard']) C:\Apache24\htdocs\tienda_virtual\Controllers\Dashboard.php:13
[18-Feb-2024 06:47:21 America/Caracas] PHP   5. require_once() C:\Apache24\htdocs\tienda_virtual\Libraries\Core\Views.php:12
[18-Feb-2024 06:47:21 America/Caracas] PHP   6. headerAdmin() C:\Apache24\htdocs\tienda_virtual\Views\Dashboard\dashboard.php:2
[18-Feb-2024 06:47:21 America/Caracas] PHP   7. require_once() C:\Apache24\htdocs\tienda_virtual\Helpers\Helpers.php:14
[18-Feb-2024 10:49:25 UTC] Hello, errors!
[18-Feb-2024 06:49:25 America/Caracas] PHP Warning:  Undefined variable $data in C:\Apache24\htdocs\tienda_virtual\Views\Template\header_admin.php on line 17
[18-Feb-2024 06:49:25 America/Caracas] PHP Stack trace:
[18-Feb-2024 06:49:25 America/Caracas] PHP   1. {main}() C:\Apache24\htdocs\tienda_virtual\index.php:0
[18-Feb-2024 06:49:25 America/Caracas] PHP   2. require_once() C:\Apache24\htdocs\tienda_virtual\index.php:43
[18-Feb-2024 06:49:25 America/Caracas] PHP   3. Dashboard->dashboard('') C:\Apache24\htdocs\tienda_virtual\Libraries\Core\Load.php:8
[18-Feb-2024 06:49:25 America/Caracas] PHP   4. Views->getView($controller = class Dashboard { protected $model = NULL; protected $views = class Views {  } }, $view = 'dashboard', $data = ['page_id' => 2, 'page_tag' => 'Dashboard-Tienda Virtual', 'page_title' => 'Dashboard-Tienda Virtual', 'page_name' => 'dashboard']) C:\Apache24\htdocs\tienda_virtual\Controllers\Dashboard.php:13
[18-Feb-2024 06:49:25 America/Caracas] PHP   5. require_once() C:\Apache24\htdocs\tienda_virtual\Libraries\Core\Views.php:12
[18-Feb-2024 06:49:25 America/Caracas] PHP   6. headerAdmin() C:\Apache24\htdocs\tienda_virtual\Views\Dashboard\dashboard.php:2
[18-Feb-2024 06:49:25 America/Caracas] PHP   7. require_once() C:\Apache24\htdocs\tienda_virtual\Helpers\Helpers.php:14
[18-Feb-2024 06:49:25 America/Caracas] PHP Warning:  Trying to access array offset on value of type null in C:\Apache24\htdocs\tienda_virtual\Views\Template\header_admin.php on line 17
[18-Feb-2024 06:49:25 America/Caracas] PHP Stack trace:
[18-Feb-2024 06:49:25 America/Caracas] PHP   1. {main}() C:\Apache24\htdocs\tienda_virtual\index.php:0
[18-Feb-2024 06:49:25 America/Caracas] PHP   2. require_once() C:\Apache24\htdocs\tienda_virtual\index.php:43
[18-Feb-2024 06:49:25 America/Caracas] PHP   3. Dashboard->dashboard('') C:\Apache24\htdocs\tienda_virtual\Libraries\Core\Load.php:8
[18-Feb-2024 06:49:25 America/Caracas] PHP   4. Views->getView($controller = class Dashboard { protected $model = NULL; protected $views = class Views {  } }, $view = 'dashboard', $data = ['page_id' => 2, 'page_tag' => 'Dashboard-Tienda Virtual', 'page_title' => 'Dashboard-Tienda Virtual', 'page_name' => 'dashboard']) C:\Apache24\htdocs\tienda_virtual\Controllers\Dashboard.php:13
[18-Feb-2024 06:49:25 America/Caracas] PHP   5. require_once() C:\Apache24\htdocs\tienda_virtual\Libraries\Core\Views.php:12
[18-Feb-2024 06:49:25 America/Caracas] PHP   6. headerAdmin() C:\Apache24\htdocs\tienda_virtual\Views\Dashboard\dashboard.php:2
[18-Feb-2024 06:49:25 America/Caracas] PHP   7. require_once() C:\Apache24\htdocs\tienda_virtual\Helpers\Helpers.php:14
[18-Feb-2024 10:49:31 UTC] Hello, errors!
[18-Feb-2024 06:49:31 America/Caracas] PHP Warning:  Undefined variable $data in C:\Apache24\htdocs\tienda_virtual\Views\Template\header_admin.php on line 17
[18-Feb-2024 06:49:31 America/Caracas] PHP Stack trace:
[18-Feb-2024 06:49:31 America/Caracas] PHP   1. {main}() C:\Apache24\htdocs\tienda_virtual\index.php:0
[18-Feb-2024 06:49:31 America/Caracas] PHP   2. require_once() C:\Apache24\htdocs\tienda_virtual\index.php:43
[18-Feb-2024 06:49:31 America/Caracas] PHP   3. Dashboard->dashboard('') C:\Apache24\htdocs\tienda_virtual\Libraries\Core\Load.php:8
[18-Feb-2024 06:49:31 America/Caracas] PHP   4. Views->getView($controller = class Dashboard { protected $model = NULL; protected $views = class Views {  } }, $view = 'dashboard', $data = ['page_id' => 2, 'page_tag' => 'Dashboard-Tienda Virtual', 'page_title' => 'Dashboard-Tienda Virtual', 'page_name' => 'dashboard']) C:\Apache24\htdocs\tienda_virtual\Controllers\Dashboard.php:13
[18-Feb-2024 06:49:31 America/Caracas] PHP   5. require_once() C:\Apache24\htdocs\tienda_virtual\Libraries\Core\Views.php:12
[18-Feb-2024 06:49:31 America/Caracas] PHP   6. headerAdmin() C:\Apache24\htdocs\tienda_virtual\Views\Dashboard\dashboard.php:2
[18-Feb-2024 06:49:31 America/Caracas] PHP   7. require_once() C:\Apache24\htdocs\tienda_virtual\Helpers\Helpers.php:14
[18-Feb-2024 06:49:31 America/Caracas] PHP Warning:  Trying to access array offset on value of type null in C:\Apache24\htdocs\tienda_virtual\Views\Template\header_admin.php on line 17
[18-Feb-2024 06:49:31 America/Caracas] PHP Stack trace:
[18-Feb-2024 06:49:31 America/Caracas] PHP   1. {main}() C:\Apache24\htdocs\tienda_virtual\index.php:0
[18-Feb-2024 06:49:31 America/Caracas] PHP   2. require_once() C:\Apache24\htdocs\tienda_virtual\index.php:43
[18-Feb-2024 06:49:31 America/Caracas] PHP   3. Dashboard->dashboard('') C:\Apache24\htdocs\tienda_virtual\Libraries\Core\Load.php:8
[18-Feb-2024 06:49:31 America/Caracas] PHP   4. Views->getView($controller = class Dashboard { protected $model = NULL; protected $views = class Views {  } }, $view = 'dashboard', $data = ['page_id' => 2, 'page_tag' => 'Dashboard-Tienda Virtual', 'page_title' => 'Dashboard-Tienda Virtual', 'page_name' => 'dashboard']) C:\Apache24\htdocs\tienda_virtual\Controllers\Dashboard.php:13
[18-Feb-2024 06:49:31 America/Caracas] PHP   5. require_once() C:\Apache24\htdocs\tienda_virtual\Libraries\Core\Views.php:12
[18-Feb-2024 06:49:31 America/Caracas] PHP   6. headerAdmin() C:\Apache24\htdocs\tienda_virtual\Views\Dashboard\dashboard.php:2
[18-Feb-2024 06:49:31 America/Caracas] PHP   7. require_once() C:\Apache24\htdocs\tienda_virtual\Helpers\Helpers.php:14
[18-Feb-2024 10:50:06 UTC] Hello, errors!
[18-Feb-2024 06:50:06 America/Caracas] PHP Warning:  Undefined variable $data in C:\Apache24\htdocs\tienda_virtual\Views\Template\header_admin.php on line 17
[18-Feb-2024 06:50:06 America/Caracas] PHP Stack trace:
[18-Feb-2024 06:50:06 America/Caracas] PHP   1. {main}() C:\Apache24\htdocs\tienda_virtual\index.php:0
[18-Feb-2024 06:50:06 America/Caracas] PHP   2. require_once() C:\Apache24\htdocs\tienda_virtual\index.php:43
[18-Feb-2024 06:50:06 America/Caracas] PHP   3. Dashboard->dashboard('') C:\Apache24\htdocs\tienda_virtual\Libraries\Core\Load.php:8
[18-Feb-2024 06:50:06 America/Caracas] PHP   4. Views->getView($controller = class Dashboard { protected $model = NULL; protected $views = class Views {  } }, $view = 'dashboard', $data = ['page_id' => 2, 'page_tag' => 'Dashboard-Tienda Virtual', 'page_title' => 'Dashboard-Tienda Virtual', 'page_name' => 'dashboard']) C:\Apache24\htdocs\tienda_virtual\Controllers\Dashboard.php:13
[18-Feb-2024 06:50:06 America/Caracas] PHP   5. require_once() C:\Apache24\htdocs\tienda_virtual\Libraries\Core\Views.php:12
[18-Feb-2024 06:50:06 America/Caracas] PHP   6. headerAdmin() C:\Apache24\htdocs\tienda_virtual\Views\Dashboard\dashboard.php:2
[18-Feb-2024 06:50:06 America/Caracas] PHP   7. require_once() C:\Apache24\htdocs\tienda_virtual\Helpers\Helpers.php:14
[18-Feb-2024 06:50:06 America/Caracas] PHP Warning:  Trying to access array offset on value of type null in C:\Apache24\htdocs\tienda_virtual\Views\Template\header_admin.php on line 17
[18-Feb-2024 06:50:06 America/Caracas] PHP Stack trace:
[18-Feb-2024 06:50:06 America/Caracas] PHP   1. {main}() C:\Apache24\htdocs\tienda_virtual\index.php:0
[18-Feb-2024 06:50:06 America/Caracas] PHP   2. require_once() C:\Apache24\htdocs\tienda_virtual\index.php:43
[18-Feb-2024 06:50:06 America/Caracas] PHP   3. Dashboard->dashboard('') C:\Apache24\htdocs\tienda_virtual\Libraries\Core\Load.php:8
[18-Feb-2024 06:50:06 America/Caracas] PHP   4. Views->getView($controller = class Dashboard { protected $model = NULL; protected $views = class Views {  } }, $view = 'dashboard', $data = ['page_id' => 2, 'page_tag' => 'Dashboard-Tienda Virtual', 'page_title' => 'Dashboard-Tienda Virtual', 'page_name' => 'dashboard']) C:\Apache24\htdocs\tienda_virtual\Controllers\Dashboard.php:13
[18-Feb-2024 06:50:06 America/Caracas] PHP   5. require_once() C:\Apache24\htdocs\tienda_virtual\Libraries\Core\Views.php:12
[18-Feb-2024 06:50:06 America/Caracas] PHP   6. headerAdmin() C:\Apache24\htdocs\tienda_virtual\Views\Dashboard\dashboard.php:2
[18-Feb-2024 06:50:06 America/Caracas] PHP   7. require_once() C:\Apache24\htdocs\tienda_virtual\Helpers\Helpers.php:14
[18-Feb-2024 10:51:38 UTC] Hello, errors!
[18-Feb-2024 06:51:38 America/Caracas] PHP Warning:  Undefined variable $data in C:\Apache24\htdocs\tienda_virtual\Views\Template\header_admin.php on line 17
[18-Feb-2024 06:51:38 America/Caracas] PHP Stack trace:
[18-Feb-2024 06:51:38 America/Caracas] PHP   1. {main}() C:\Apache24\htdocs\tienda_virtual\index.php:0
[18-Feb-2024 06:51:38 America/Caracas] PHP   2. require_once() C:\Apache24\htdocs\tienda_virtual\index.php:43
[18-Feb-2024 06:51:38 America/Caracas] PHP   3. Dashboard->dashboard('') C:\Apache24\htdocs\tienda_virtual\Libraries\Core\Load.php:8
[18-Feb-2024 06:51:38 America/Caracas] PHP   4. Views->getView($controller = class Dashboard { protected $model = NULL; protected $views = class Views {  } }, $view = 'dashboard', $data = ['page_id' => 2, 'page_tag' => 'Dashboard-Tienda Virtual', 'page_title' => 'Dashboard-Tienda Virtual', 'page_name' => 'dashboard']) C:\Apache24\htdocs\tienda_virtual\Controllers\Dashboard.php:13
[18-Feb-2024 06:51:38 America/Caracas] PHP   5. require_once() C:\Apache24\htdocs\tienda_virtual\Libraries\Core\Views.php:12
[18-Feb-2024 06:51:38 America/Caracas] PHP   6. headerAdmin() C:\Apache24\htdocs\tienda_virtual\Views\Dashboard\dashboard.php:2
[18-Feb-2024 06:51:38 America/Caracas] PHP   7. require_once() C:\Apache24\htdocs\tienda_virtual\Helpers\Helpers.php:14
[18-Feb-2024 06:51:38 America/Caracas] PHP Warning:  Trying to access array offset on value of type null in C:\Apache24\htdocs\tienda_virtual\Views\Template\header_admin.php on line 17
[18-Feb-2024 06:51:38 America/Caracas] PHP Stack trace:
[18-Feb-2024 06:51:38 America/Caracas] PHP   1. {main}() C:\Apache24\htdocs\tienda_virtual\index.php:0
[18-Feb-2024 06:51:38 America/Caracas] PHP   2. require_once() C:\Apache24\htdocs\tienda_virtual\index.php:43
[18-Feb-2024 06:51:38 America/Caracas] PHP   3. Dashboard->dashboard('') C:\Apache24\htdocs\tienda_virtual\Libraries\Core\Load.php:8
[18-Feb-2024 06:51:38 America/Caracas] PHP   4. Views->getView($controller = class Dashboard { protected $model = NULL; protected $views = class Views {  } }, $view = 'dashboard', $data = ['page_id' => 2, 'page_tag' => 'Dashboard-Tienda Virtual', 'page_title' => 'Dashboard-Tienda Virtual', 'page_name' => 'dashboard']) C:\Apache24\htdocs\tienda_virtual\Controllers\Dashboard.php:13
[18-Feb-2024 06:51:38 America/Caracas] PHP   5. require_once() C:\Apache24\htdocs\tienda_virtual\Libraries\Core\Views.php:12
[18-Feb-2024 06:51:38 America/Caracas] PHP   6. headerAdmin() C:\Apache24\htdocs\tienda_virtual\Views\Dashboard\dashboard.php:2
[18-Feb-2024 06:51:38 America/Caracas] PHP   7. require_once() C:\Apache24\htdocs\tienda_virtual\Helpers\Helpers.php:14
[18-Feb-2024 10:53:44 UTC] Hello, errors!
[18-Feb-2024 06:53:44 America/Caracas] PHP Warning:  Undefined variable $data in C:\Apache24\htdocs\tienda_virtual\Views\Template\header_admin.php on line 17
[18-Feb-2024 06:53:44 America/Caracas] PHP Stack trace:
[18-Feb-2024 06:53:44 America/Caracas] PHP   1. {main}() C:\Apache24\htdocs\tienda_virtual\index.php:0
[18-Feb-2024 06:53:44 America/Caracas] PHP   2. require_once() C:\Apache24\htdocs\tienda_virtual\index.php:43
[18-Feb-2024 06:53:44 America/Caracas] PHP   3. Dashboard->dashboard('') C:\Apache24\htdocs\tienda_virtual\Libraries\Core\Load.php:8
[18-Feb-2024 06:53:44 America/Caracas] PHP   4. Views->getView($controller = class Dashboard { protected $model = NULL; protected $views = class Views {  } }, $view = 'dashboard', $data = ['page_id' => 2, 'page_tag' => 'Dashboard-Tienda Virtual', 'page_title' => 'Dashboard-Tienda Virtual', 'page_name' => 'dashboard']) C:\Apache24\htdocs\tienda_virtual\Controllers\Dashboard.php:13
[18-Feb-2024 06:53:44 America/Caracas] PHP   5. require_once() C:\Apache24\htdocs\tienda_virtual\Libraries\Core\Views.php:12
[18-Feb-2024 06:53:44 America/Caracas] PHP   6. headerAdmin() C:\Apache24\htdocs\tienda_virtual\Views\Dashboard\dashboard.php:2
[18-Feb-2024 06:53:44 America/Caracas] PHP   7. require_once() C:\Apache24\htdocs\tienda_virtual\Helpers\Helpers.php:14
[18-Feb-2024 06:53:44 America/Caracas] PHP Warning:  Trying to access array offset on value of type null in C:\Apache24\htdocs\tienda_virtual\Views\Template\header_admin.php on line 17
[18-Feb-2024 06:53:44 America/Caracas] PHP Stack trace:
[18-Feb-2024 06:53:44 America/Caracas] PHP   1. {main}() C:\Apache24\htdocs\tienda_virtual\index.php:0
[18-Feb-2024 06:53:44 America/Caracas] PHP   2. require_once() C:\Apache24\htdocs\tienda_virtual\index.php:43
[18-Feb-2024 06:53:44 America/Caracas] PHP   3. Dashboard->dashboard('') C:\Apache24\htdocs\tienda_virtual\Libraries\Core\Load.php:8
[18-Feb-2024 06:53:44 America/Caracas] PHP   4. Views->getView($controller = class Dashboard { protected $model = NULL; protected $views = class Views {  } }, $view = 'dashboard', $data = ['page_id' => 2, 'page_tag' => 'Dashboard-Tienda Virtual', 'page_title' => 'Dashboard-Tienda Virtual', 'page_name' => 'dashboard']) C:\Apache24\htdocs\tienda_virtual\Controllers\Dashboard.php:13
[18-Feb-2024 06:53:44 America/Caracas] PHP   5. require_once() C:\Apache24\htdocs\tienda_virtual\Libraries\Core\Views.php:12
[18-Feb-2024 06:53:44 America/Caracas] PHP   6. headerAdmin() C:\Apache24\htdocs\tienda_virtual\Views\Dashboard\dashboard.php:2
[18-Feb-2024 06:53:44 America/Caracas] PHP   7. require_once() C:\Apache24\htdocs\tienda_virtual\Helpers\Helpers.php:14
[18-Feb-2024 10:55:04 UTC] Hello, errors!
[18-Feb-2024 10:55:13 UTC] Hello, errors!
[18-Feb-2024 06:55:13 America/Caracas] PHP Warning:  Undefined variable $data in C:\Apache24\htdocs\tienda_virtual\Views\Template\header_admin.php on line 17
[18-Feb-2024 06:55:13 America/Caracas] PHP Stack trace:
[18-Feb-2024 06:55:13 America/Caracas] PHP   1. {main}() C:\Apache24\htdocs\tienda_virtual\index.php:0
[18-Feb-2024 06:55:13 America/Caracas] PHP   2. require_once() C:\Apache24\htdocs\tienda_virtual\index.php:43
[18-Feb-2024 06:55:13 America/Caracas] PHP   3. Dashboard->dashboard('') C:\Apache24\htdocs\tienda_virtual\Libraries\Core\Load.php:8
[18-Feb-2024 06:55:13 America/Caracas] PHP   4. Views->getView($controller = class Dashboard { protected $model = NULL; protected $views = class Views {  } }, $view = 'dashboard', $data = ['page_id' => 2, 'page_tag' => 'Dashboard-Tienda Virtual', 'page_title' => 'Dashboard-Tienda Virtual', 'page_name' => 'dashboard']) C:\Apache24\htdocs\tienda_virtual\Controllers\Dashboard.php:13
[18-Feb-2024 06:55:13 America/Caracas] PHP   5. require_once() C:\Apache24\htdocs\tienda_virtual\Libraries\Core\Views.php:12
[18-Feb-2024 06:55:13 America/Caracas] PHP   6. headerAdmin() C:\Apache24\htdocs\tienda_virtual\Views\Dashboard\dashboard.php:2
[18-Feb-2024 06:55:13 America/Caracas] PHP   7. require_once() C:\Apache24\htdocs\tienda_virtual\Helpers\Helpers.php:14
[18-Feb-2024 06:55:13 America/Caracas] PHP Warning:  Trying to access array offset on value of type null in C:\Apache24\htdocs\tienda_virtual\Views\Template\header_admin.php on line 17
[18-Feb-2024 06:55:13 America/Caracas] PHP Stack trace:
[18-Feb-2024 06:55:13 America/Caracas] PHP   1. {main}() C:\Apache24\htdocs\tienda_virtual\index.php:0
[18-Feb-2024 06:55:13 America/Caracas] PHP   2. require_once() C:\Apache24\htdocs\tienda_virtual\index.php:43
[18-Feb-2024 06:55:13 America/Caracas] PHP   3. Dashboard->dashboard('') C:\Apache24\htdocs\tienda_virtual\Libraries\Core\Load.php:8
[18-Feb-2024 06:55:13 America/Caracas] PHP   4. Views->getView($controller = class Dashboard { protected $model = NULL; protected $views = class Views {  } }, $view = 'dashboard', $data = ['page_id' => 2, 'page_tag' => 'Dashboard-Tienda Virtual', 'page_title' => 'Dashboard-Tienda Virtual', 'page_name' => 'dashboard']) C:\Apache24\htdocs\tienda_virtual\Controllers\Dashboard.php:13
[18-Feb-2024 06:55:13 America/Caracas] PHP   5. require_once() C:\Apache24\htdocs\tienda_virtual\Libraries\Core\Views.php:12
[18-Feb-2024 06:55:13 America/Caracas] PHP   6. headerAdmin() C:\Apache24\htdocs\tienda_virtual\Views\Dashboard\dashboard.php:2
[18-Feb-2024 06:55:13 America/Caracas] PHP   7. require_once() C:\Apache24\htdocs\tienda_virtual\Helpers\Helpers.php:14
[18-Feb-2024 11:32:58 UTC] Hello, errors!
[18-Feb-2024 07:32:58 America/Caracas] PHP Warning:  Undefined variable $data in C:\Apache24\htdocs\tienda_virtual\Views\Template\header_admin.php on line 17
[18-Feb-2024 07:32:58 America/Caracas] PHP Stack trace:
[18-Feb-2024 07:32:58 America/Caracas] PHP   1. {main}() C:\Apache24\htdocs\tienda_virtual\index.php:0
[18-Feb-2024 07:32:58 America/Caracas] PHP   2. require_once() C:\Apache24\htdocs\tienda_virtual\index.php:43
[18-Feb-2024 07:32:58 America/Caracas] PHP   3. Dashboard->dashboard('') C:\Apache24\htdocs\tienda_virtual\Libraries\Core\Load.php:8
[18-Feb-2024 07:32:58 America/Caracas] PHP   4. Views->getView($controller = class Dashboard { protected $model = NULL; protected $views = class Views {  } }, $view = 'dashboard', $data = ['page_id' => 2, 'page_tag' => 'Dashboard-Tienda Virtual', 'page_title' => 'Dashboard-Tienda Virtual', 'page_name' => 'dashboard']) C:\Apache24\htdocs\tienda_virtual\Controllers\Dashboard.php:13
[18-Feb-2024 07:32:58 America/Caracas] PHP   5. require_once() C:\Apache24\htdocs\tienda_virtual\Libraries\Core\Views.php:12
[18-Feb-2024 07:32:58 America/Caracas] PHP   6. headerAdmin() C:\Apache24\htdocs\tienda_virtual\Views\Dashboard\dashboard.php:2
[18-Feb-2024 07:32:58 America/Caracas] PHP   7. require_once() C:\Apache24\htdocs\tienda_virtual\Helpers\Helpers.php:14
[18-Feb-2024 07:32:58 America/Caracas] PHP Warning:  Trying to access array offset on value of type null in C:\Apache24\htdocs\tienda_virtual\Views\Template\header_admin.php on line 17
[18-Feb-2024 07:32:58 America/Caracas] PHP Stack trace:
[18-Feb-2024 07:32:58 America/Caracas] PHP   1. {main}() C:\Apache24\htdocs\tienda_virtual\index.php:0
[18-Feb-2024 07:32:58 America/Caracas] PHP   2. require_once() C:\Apache24\htdocs\tienda_virtual\index.php:43
[18-Feb-2024 07:32:58 America/Caracas] PHP   3. Dashboard->dashboard('') C:\Apache24\htdocs\tienda_virtual\Libraries\Core\Load.php:8
[18-Feb-2024 07:32:58 America/Caracas] PHP   4. Views->getView($controller = class Dashboard { protected $model = NULL; protected $views = class Views {  } }, $view = 'dashboard', $data = ['page_id' => 2, 'page_tag' => 'Dashboard-Tienda Virtual', 'page_title' => 'Dashboard-Tienda Virtual', 'page_name' => 'dashboard']) C:\Apache24\htdocs\tienda_virtual\Controllers\Dashboard.php:13
[18-Feb-2024 07:32:58 America/Caracas] PHP   5. require_once() C:\Apache24\htdocs\tienda_virtual\Libraries\Core\Views.php:12
[18-Feb-2024 07:32:58 America/Caracas] PHP   6. headerAdmin() C:\Apache24\htdocs\tienda_virtual\Views\Dashboard\dashboard.php:2
[18-Feb-2024 07:32:58 America/Caracas] PHP   7. require_once() C:\Apache24\htdocs\tienda_virtual\Helpers\Helpers.php:14
[18-Feb-2024 11:32:58 UTC] Hello, errors!
[18-Feb-2024 11:32:58 UTC] Hello, errors!
[18-Feb-2024 11:33:31 UTC] Hello, errors!
[18-Feb-2024 11:33:33 UTC] Hello, errors!
[18-Feb-2024 11:33:33 UTC] Hello, errors!
[18-Feb-2024 11:38:49 UTC] Hello, errors!
[18-Feb-2024 07:38:49 America/Caracas] PHP Warning:  Undefined variable $data in C:\Apache24\htdocs\tienda_virtual\Views\Template\header_admin.php on line 17
[18-Feb-2024 07:38:49 America/Caracas] PHP Stack trace:
[18-Feb-2024 07:38:49 America/Caracas] PHP   1. {main}() C:\Apache24\htdocs\tienda_virtual\index.php:0
[18-Feb-2024 07:38:49 America/Caracas] PHP   2. require_once() C:\Apache24\htdocs\tienda_virtual\index.php:43
[18-Feb-2024 07:38:49 America/Caracas] PHP   3. Dashboard->dashboard('') C:\Apache24\htdocs\tienda_virtual\Libraries\Core\Load.php:8
[18-Feb-2024 07:38:49 America/Caracas] PHP   4. Views->getView($controller = class Dashboard { protected $model = NULL; protected $views = class Views {  } }, $view = 'dashboard', $data = ['page_id' => 2, 'page_tag' => 'Dashboard-Tienda Virtual', 'page_title' => 'Dashboard-Tienda Virtual', 'page_name' => 'dashboard']) C:\Apache24\htdocs\tienda_virtual\Controllers\Dashboard.php:13
[18-Feb-2024 07:38:49 America/Caracas] PHP   5. require_once() C:\Apache24\htdocs\tienda_virtual\Libraries\Core\Views.php:12
[18-Feb-2024 07:38:49 America/Caracas] PHP   6. headerAdmin() C:\Apache24\htdocs\tienda_virtual\Views\Dashboard\dashboard.php:2
[18-Feb-2024 07:38:49 America/Caracas] PHP   7. require_once() C:\Apache24\htdocs\tienda_virtual\Helpers\Helpers.php:14
[18-Feb-2024 07:38:49 America/Caracas] PHP Warning:  Trying to access array offset on value of type null in C:\Apache24\htdocs\tienda_virtual\Views\Template\header_admin.php on line 17
[18-Feb-2024 07:38:49 America/Caracas] PHP Stack trace:
[18-Feb-2024 07:38:49 America/Caracas] PHP   1. {main}() C:\Apache24\htdocs\tienda_virtual\index.php:0
[18-Feb-2024 07:38:49 America/Caracas] PHP   2. require_once() C:\Apache24\htdocs\tienda_virtual\index.php:43
[18-Feb-2024 07:38:49 America/Caracas] PHP   3. Dashboard->dashboard('') C:\Apache24\htdocs\tienda_virtual\Libraries\Core\Load.php:8
[18-Feb-2024 07:38:49 America/Caracas] PHP   4. Views->getView($controller = class Dashboard { protected $model = NULL; protected $views = class Views {  } }, $view = 'dashboard', $data = ['page_id' => 2, 'page_tag' => 'Dashboard-Tienda Virtual', 'page_title' => 'Dashboard-Tienda Virtual', 'page_name' => 'dashboard']) C:\Apache24\htdocs\tienda_virtual\Controllers\Dashboard.php:13
[18-Feb-2024 07:38:49 America/Caracas] PHP   5. require_once() C:\Apache24\htdocs\tienda_virtual\Libraries\Core\Views.php:12
[18-Feb-2024 07:38:49 America/Caracas] PHP   6. headerAdmin() C:\Apache24\htdocs\tienda_virtual\Views\Dashboard\dashboard.php:2
[18-Feb-2024 07:38:49 America/Caracas] PHP   7. require_once() C:\Apache24\htdocs\tienda_virtual\Helpers\Helpers.php:14
[18-Feb-2024 11:38:49 UTC] Hello, errors!
[18-Feb-2024 11:38:49 UTC] Hello, errors!
[18-Feb-2024 11:41:25 UTC] Hello, errors!
[18-Feb-2024 07:41:25 America/Caracas] PHP Warning:  Undefined variable $data in C:\Apache24\htdocs\tienda_virtual\Views\Template\header_admin.php on line 17
[18-Feb-2024 07:41:25 America/Caracas] PHP Stack trace:
[18-Feb-2024 07:41:25 America/Caracas] PHP   1. {main}() C:\Apache24\htdocs\tienda_virtual\index.php:0
[18-Feb-2024 07:41:25 America/Caracas] PHP   2. require_once() C:\Apache24\htdocs\tienda_virtual\index.php:43
[18-Feb-2024 07:41:25 America/Caracas] PHP   3. Dashboard->dashboard('') C:\Apache24\htdocs\tienda_virtual\Libraries\Core\Load.php:8
[18-Feb-2024 07:41:25 America/Caracas] PHP   4. Views->getView($controller = class Dashboard { protected $model = NULL; protected $views = class Views {  } }, $view = 'dashboard', $data = ['page_id' => 2, 'page_tag' => 'Dashboard-Tienda Virtual', 'page_title' => 'Dashboard-Tienda Virtual', 'page_name' => 'dashboard']) C:\Apache24\htdocs\tienda_virtual\Controllers\Dashboard.php:13
[18-Feb-2024 07:41:25 America/Caracas] PHP   5. require_once() C:\Apache24\htdocs\tienda_virtual\Libraries\Core\Views.php:12
[18-Feb-2024 07:41:25 America/Caracas] PHP   6. headerAdmin() C:\Apache24\htdocs\tienda_virtual\Views\Dashboard\dashboard.php:2
[18-Feb-2024 07:41:25 America/Caracas] PHP   7. require_once() C:\Apache24\htdocs\tienda_virtual\Helpers\Helpers.php:14
[18-Feb-2024 07:41:25 America/Caracas] PHP Warning:  Trying to access array offset on value of type null in C:\Apache24\htdocs\tienda_virtual\Views\Template\header_admin.php on line 17
[18-Feb-2024 07:41:25 America/Caracas] PHP Stack trace:
[18-Feb-2024 07:41:25 America/Caracas] PHP   1. {main}() C:\Apache24\htdocs\tienda_virtual\index.php:0
[18-Feb-2024 07:41:25 America/Caracas] PHP   2. require_once() C:\Apache24\htdocs\tienda_virtual\index.php:43
[18-Feb-2024 07:41:25 America/Caracas] PHP   3. Dashboard->dashboard('') C:\Apache24\htdocs\tienda_virtual\Libraries\Core\Load.php:8
[18-Feb-2024 07:41:25 America/Caracas] PHP   4. Views->getView($controller = class Dashboard { protected $model = NULL; protected $views = class Views {  } }, $view = 'dashboard', $data = ['page_id' => 2, 'page_tag' => 'Dashboard-Tienda Virtual', 'page_title' => 'Dashboard-Tienda Virtual', 'page_name' => 'dashboard']) C:\Apache24\htdocs\tienda_virtual\Controllers\Dashboard.php:13
[18-Feb-2024 07:41:25 America/Caracas] PHP   5. require_once() C:\Apache24\htdocs\tienda_virtual\Libraries\Core\Views.php:12
[18-Feb-2024 07:41:25 America/Caracas] PHP   6. headerAdmin() C:\Apache24\htdocs\tienda_virtual\Views\Dashboard\dashboard.php:2
[18-Feb-2024 07:41:25 America/Caracas] PHP   7. require_once() C:\Apache24\htdocs\tienda_virtual\Helpers\Helpers.php:14
[18-Feb-2024 11:41:26 UTC] Hello, errors!
[18-Feb-2024 11:41:26 UTC] Hello, errors!
[18-Feb-2024 11:42:48 UTC] Hello, errors!
[18-Feb-2024 07:42:48 America/Caracas] PHP Warning:  Undefined variable $data in C:\Apache24\htdocs\tienda_virtual\Views\Template\header_admin.php on line 17
[18-Feb-2024 07:42:48 America/Caracas] PHP Stack trace:
[18-Feb-2024 07:42:48 America/Caracas] PHP   1. {main}() C:\Apache24\htdocs\tienda_virtual\index.php:0
[18-Feb-2024 07:42:48 America/Caracas] PHP   2. require_once() C:\Apache24\htdocs\tienda_virtual\index.php:43
[18-Feb-2024 07:42:48 America/Caracas] PHP   3. Dashboard->dashboard('') C:\Apache24\htdocs\tienda_virtual\Libraries\Core\Load.php:8
[18-Feb-2024 07:42:48 America/Caracas] PHP   4. Views->getView($controller = class Dashboard { protected $model = NULL; protected $views = class Views {  } }, $view = 'dashboard', $data = ['page_id' => 2, 'page_tag' => 'Dashboard-Tienda Virtual', 'page_title' => 'Dashboard-Tienda Virtual', 'page_name' => 'dashboard']) C:\Apache24\htdocs\tienda_virtual\Controllers\Dashboard.php:13
[18-Feb-2024 07:42:48 America/Caracas] PHP   5. require_once() C:\Apache24\htdocs\tienda_virtual\Libraries\Core\Views.php:12
[18-Feb-2024 07:42:48 America/Caracas] PHP   6. headerAdmin() C:\Apache24\htdocs\tienda_virtual\Views\Dashboard\dashboard.php:2
[18-Feb-2024 07:42:48 America/Caracas] PHP   7. require_once() C:\Apache24\htdocs\tienda_virtual\Helpers\Helpers.php:14
[18-Feb-2024 07:42:48 America/Caracas] PHP Warning:  Trying to access array offset on value of type null in C:\Apache24\htdocs\tienda_virtual\Views\Template\header_admin.php on line 17
[18-Feb-2024 07:42:48 America/Caracas] PHP Stack trace:
[18-Feb-2024 07:42:48 America/Caracas] PHP   1. {main}() C:\Apache24\htdocs\tienda_virtual\index.php:0
[18-Feb-2024 07:42:48 America/Caracas] PHP   2. require_once() C:\Apache24\htdocs\tienda_virtual\index.php:43
[18-Feb-2024 07:42:48 America/Caracas] PHP   3. Dashboard->dashboard('') C:\Apache24\htdocs\tienda_virtual\Libraries\Core\Load.php:8
[18-Feb-2024 07:42:48 America/Caracas] PHP   4. Views->getView($controller = class Dashboard { protected $model = NULL; protected $views = class Views {  } }, $view = 'dashboard', $data = ['page_id' => 2, 'page_tag' => 'Dashboard-Tienda Virtual', 'page_title' => 'Dashboard-Tienda Virtual', 'page_name' => 'dashboard']) C:\Apache24\htdocs\tienda_virtual\Controllers\Dashboard.php:13
[18-Feb-2024 07:42:48 America/Caracas] PHP   5. require_once() C:\Apache24\htdocs\tienda_virtual\Libraries\Core\Views.php:12
[18-Feb-2024 07:42:48 America/Caracas] PHP   6. headerAdmin() C:\Apache24\htdocs\tienda_virtual\Views\Dashboard\dashboard.php:2
[18-Feb-2024 07:42:48 America/Caracas] PHP   7. require_once() C:\Apache24\htdocs\tienda_virtual\Helpers\Helpers.php:14
[18-Feb-2024 11:42:49 UTC] Hello, errors!
[18-Feb-2024 11:42:49 UTC] Hello, errors!
[18-Feb-2024 11:43:43 UTC] Hello, errors!
[18-Feb-2024 07:43:43 America/Caracas] PHP Warning:  Undefined variable $data in C:\Apache24\htdocs\tienda_virtual\Views\Template\header_admin.php on line 17
[18-Feb-2024 07:43:43 America/Caracas] PHP Stack trace:
[18-Feb-2024 07:43:43 America/Caracas] PHP   1. {main}() C:\Apache24\htdocs\tienda_virtual\index.php:0
[18-Feb-2024 07:43:43 America/Caracas] PHP   2. require_once() C:\Apache24\htdocs\tienda_virtual\index.php:43
[18-Feb-2024 07:43:43 America/Caracas] PHP   3. Dashboard->dashboard('') C:\Apache24\htdocs\tienda_virtual\Libraries\Core\Load.php:8
[18-Feb-2024 07:43:43 America/Caracas] PHP   4. Views->getView($controller = class Dashboard { protected $model = NULL; protected $views = class Views {  } }, $view = 'dashboard', $data = ['page_id' => 2, 'page_tag' => 'Dashboard-Tienda Virtual', 'page_title' => 'Dashboard-Tienda Virtual', 'page_name' => 'dashboard']) C:\Apache24\htdocs\tienda_virtual\Controllers\Dashboard.php:13
[18-Feb-2024 07:43:43 America/Caracas] PHP   5. require_once() C:\Apache24\htdocs\tienda_virtual\Libraries\Core\Views.php:12
[18-Feb-2024 07:43:43 America/Caracas] PHP   6. headerAdmin() C:\Apache24\htdocs\tienda_virtual\Views\Dashboard\dashboard.php:2
[18-Feb-2024 07:43:43 America/Caracas] PHP   7. require_once() C:\Apache24\htdocs\tienda_virtual\Helpers\Helpers.php:14
[18-Feb-2024 07:43:43 America/Caracas] PHP Warning:  Trying to access array offset on value of type null in C:\Apache24\htdocs\tienda_virtual\Views\Template\header_admin.php on line 17
[18-Feb-2024 07:43:43 America/Caracas] PHP Stack trace:
[18-Feb-2024 07:43:43 America/Caracas] PHP   1. {main}() C:\Apache24\htdocs\tienda_virtual\index.php:0
[18-Feb-2024 07:43:43 America/Caracas] PHP   2. require_once() C:\Apache24\htdocs\tienda_virtual\index.php:43
[18-Feb-2024 07:43:43 America/Caracas] PHP   3. Dashboard->dashboard('') C:\Apache24\htdocs\tienda_virtual\Libraries\Core\Load.php:8
[18-Feb-2024 07:43:43 America/Caracas] PHP   4. Views->getView($controller = class Dashboard { protected $model = NULL; protected $views = class Views {  } }, $view = 'dashboard', $data = ['page_id' => 2, 'page_tag' => 'Dashboard-Tienda Virtual', 'page_title' => 'Dashboard-Tienda Virtual', 'page_name' => 'dashboard']) C:\Apache24\htdocs\tienda_virtual\Controllers\Dashboard.php:13
[18-Feb-2024 07:43:43 America/Caracas] PHP   5. require_once() C:\Apache24\htdocs\tienda_virtual\Libraries\Core\Views.php:12
[18-Feb-2024 07:43:43 America/Caracas] PHP   6. headerAdmin() C:\Apache24\htdocs\tienda_virtual\Views\Dashboard\dashboard.php:2
[18-Feb-2024 07:43:43 America/Caracas] PHP   7. require_once() C:\Apache24\htdocs\tienda_virtual\Helpers\Helpers.php:14
[18-Feb-2024 11:43:43 UTC] Hello, errors!
[18-Feb-2024 11:43:43 UTC] Hello, errors!
[18-Feb-2024 11:48:43 UTC] Hello, errors!
[18-Feb-2024 07:48:43 America/Caracas] PHP Warning:  Undefined variable $data in C:\Apache24\htdocs\tienda_virtual\Views\Template\header_admin.php on line 17
[18-Feb-2024 07:48:43 America/Caracas] PHP Stack trace:
[18-Feb-2024 07:48:43 America/Caracas] PHP   1. {main}() C:\Apache24\htdocs\tienda_virtual\index.php:0
[18-Feb-2024 07:48:43 America/Caracas] PHP   2. require_once() C:\Apache24\htdocs\tienda_virtual\index.php:43
[18-Feb-2024 07:48:43 America/Caracas] PHP   3. Dashboard->dashboard('') C:\Apache24\htdocs\tienda_virtual\Libraries\Core\Load.php:8
[18-Feb-2024 07:48:43 America/Caracas] PHP   4. Views->getView($controller = class Dashboard { protected $model = NULL; protected $views = class Views {  } }, $view = 'dashboard', $data = ['page_id' => 2, 'page_tag' => 'Dashboard-Tienda Virtual', 'page_title' => 'Dashboard-Tienda Virtual', 'page_name' => 'dashboard']) C:\Apache24\htdocs\tienda_virtual\Controllers\Dashboard.php:13
[18-Feb-2024 07:48:43 America/Caracas] PHP   5. require_once() C:\Apache24\htdocs\tienda_virtual\Libraries\Core\Views.php:12
[18-Feb-2024 07:48:43 America/Caracas] PHP   6. headerAdmin() C:\Apache24\htdocs\tienda_virtual\Views\Dashboard\dashboard.php:2
[18-Feb-2024 07:48:43 America/Caracas] PHP   7. require_once() C:\Apache24\htdocs\tienda_virtual\Helpers\Helpers.php:14
[18-Feb-2024 07:48:43 America/Caracas] PHP Warning:  Trying to access array offset on value of type null in C:\Apache24\htdocs\tienda_virtual\Views\Template\header_admin.php on line 17
[18-Feb-2024 07:48:43 America/Caracas] PHP Stack trace:
[18-Feb-2024 07:48:43 America/Caracas] PHP   1. {main}() C:\Apache24\htdocs\tienda_virtual\index.php:0
[18-Feb-2024 07:48:43 America/Caracas] PHP   2. require_once() C:\Apache24\htdocs\tienda_virtual\index.php:43
[18-Feb-2024 07:48:43 America/Caracas] PHP   3. Dashboard->dashboard('') C:\Apache24\htdocs\tienda_virtual\Libraries\Core\Load.php:8
[18-Feb-2024 07:48:43 America/Caracas] PHP   4. Views->getView($controller = class Dashboard { protected $model = NULL; protected $views = class Views {  } }, $view = 'dashboard', $data = ['page_id' => 2, 'page_tag' => 'Dashboard-Tienda Virtual', 'page_title' => 'Dashboard-Tienda Virtual', 'page_name' => 'dashboard']) C:\Apache24\htdocs\tienda_virtual\Controllers\Dashboard.php:13
[18-Feb-2024 07:48:43 America/Caracas] PHP   5. require_once() C:\Apache24\htdocs\tienda_virtual\Libraries\Core\Views.php:12
[18-Feb-2024 07:48:43 America/Caracas] PHP   6. headerAdmin() C:\Apache24\htdocs\tienda_virtual\Views\Dashboard\dashboard.php:2
[18-Feb-2024 07:48:43 America/Caracas] PHP   7. require_once() C:\Apache24\htdocs\tienda_virtual\Helpers\Helpers.php:14
[18-Feb-2024 11:48:43 UTC] Hello, errors!
[18-Feb-2024 11:48:43 UTC] Hello, errors!
[18-Feb-2024 11:51:54 UTC] Hello, errors!
[18-Feb-2024 07:51:54 America/Caracas] PHP Warning:  Undefined variable $data in C:\Apache24\htdocs\tienda_virtual\Views\Template\header_admin.php on line 17
[18-Feb-2024 07:51:54 America/Caracas] PHP Stack trace:
[18-Feb-2024 07:51:54 America/Caracas] PHP   1. {main}() C:\Apache24\htdocs\tienda_virtual\index.php:0
[18-Feb-2024 07:51:54 America/Caracas] PHP   2. require_once() C:\Apache24\htdocs\tienda_virtual\index.php:43
[18-Feb-2024 07:51:54 America/Caracas] PHP   3. Dashboard->dashboard('') C:\Apache24\htdocs\tienda_virtual\Libraries\Core\Load.php:8
[18-Feb-2024 07:51:54 America/Caracas] PHP   4. Views->getView($controller = class Dashboard { protected $model = NULL; protected $views = class Views {  } }, $view = 'dashboard', $data = ['page_id' => 2, 'page_tag' => 'Dashboard-Tienda Virtual', 'page_title' => 'Dashboard-Tienda Virtual', 'page_name' => 'dashboard']) C:\Apache24\htdocs\tienda_virtual\Controllers\Dashboard.php:13
[18-Feb-2024 07:51:54 America/Caracas] PHP   5. require_once() C:\Apache24\htdocs\tienda_virtual\Libraries\Core\Views.php:12
[18-Feb-2024 07:51:54 America/Caracas] PHP   6. headerAdmin(['page_id' => 2, 'page_tag' => 'Dashboard-Tienda Virtual', 'page_title' => 'Dashboard-Tienda Virtual', 'page_name' => 'dashboard']) C:\Apache24\htdocs\tienda_virtual\Views\Dashboard\dashboard.php:2
[18-Feb-2024 07:51:54 America/Caracas] PHP   7. require_once() C:\Apache24\htdocs\tienda_virtual\Helpers\Helpers.php:14
[18-Feb-2024 07:51:54 America/Caracas] PHP Warning:  Trying to access array offset on value of type null in C:\Apache24\htdocs\tienda_virtual\Views\Template\header_admin.php on line 17
[18-Feb-2024 07:51:54 America/Caracas] PHP Stack trace:
[18-Feb-2024 07:51:54 America/Caracas] PHP   1. {main}() C:\Apache24\htdocs\tienda_virtual\index.php:0
[18-Feb-2024 07:51:54 America/Caracas] PHP   2. require_once() C:\Apache24\htdocs\tienda_virtual\index.php:43
[18-Feb-2024 07:51:54 America/Caracas] PHP   3. Dashboard->dashboard('') C:\Apache24\htdocs\tienda_virtual\Libraries\Core\Load.php:8
[18-Feb-2024 07:51:54 America/Caracas] PHP   4. Views->getView($controller = class Dashboard { protected $model = NULL; protected $views = class Views {  } }, $view = 'dashboard', $data = ['page_id' => 2, 'page_tag' => 'Dashboard-Tienda Virtual', 'page_title' => 'Dashboard-Tienda Virtual', 'page_name' => 'dashboard']) C:\Apache24\htdocs\tienda_virtual\Controllers\Dashboard.php:13
[18-Feb-2024 07:51:54 America/Caracas] PHP   5. require_once() C:\Apache24\htdocs\tienda_virtual\Libraries\Core\Views.php:12
[18-Feb-2024 07:51:54 America/Caracas] PHP   6. headerAdmin(['page_id' => 2, 'page_tag' => 'Dashboard-Tienda Virtual', 'page_title' => 'Dashboard-Tienda Virtual', 'page_name' => 'dashboard']) C:\Apache24\htdocs\tienda_virtual\Views\Dashboard\dashboard.php:2
[18-Feb-2024 07:51:54 America/Caracas] PHP   7. require_once() C:\Apache24\htdocs\tienda_virtual\Helpers\Helpers.php:14
[18-Feb-2024 11:51:55 UTC] Hello, errors!
[18-Feb-2024 11:51:55 UTC] Hello, errors!
[18-Feb-2024 11:52:06 UTC] Hello, errors!
[18-Feb-2024 07:52:06 America/Caracas] PHP Warning:  Undefined variable $data in C:\Apache24\htdocs\tienda_virtual\Views\Template\header_admin.php on line 17
[18-Feb-2024 07:52:06 America/Caracas] PHP Stack trace:
[18-Feb-2024 07:52:06 America/Caracas] PHP   1. {main}() C:\Apache24\htdocs\tienda_virtual\index.php:0
[18-Feb-2024 07:52:06 America/Caracas] PHP   2. require_once() C:\Apache24\htdocs\tienda_virtual\index.php:43
[18-Feb-2024 07:52:06 America/Caracas] PHP   3. Dashboard->dashboard('') C:\Apache24\htdocs\tienda_virtual\Libraries\Core\Load.php:8
[18-Feb-2024 07:52:06 America/Caracas] PHP   4. Views->getView($controller = class Dashboard { protected $model = NULL; protected $views = class Views {  } }, $view = 'dashboard', $data = ['page_id' => 2, 'page_tag' => 'Dashboard-Tienda Virtual', 'page_title' => 'Dashboard-Tienda Virtual', 'page_name' => 'dashboard']) C:\Apache24\htdocs\tienda_virtual\Controllers\Dashboard.php:13
[18-Feb-2024 07:52:06 America/Caracas] PHP   5. require_once() C:\Apache24\htdocs\tienda_virtual\Libraries\Core\Views.php:12
[18-Feb-2024 07:52:06 America/Caracas] PHP   6. headerAdmin(['page_id' => 2, 'page_tag' => 'Dashboard-Tienda Virtual', 'page_title' => 'Dashboard-Tienda Virtual', 'page_name' => 'dashboard']) C:\Apache24\htdocs\tienda_virtual\Views\Dashboard\dashboard.php:2
[18-Feb-2024 07:52:06 America/Caracas] PHP   7. require_once() C:\Apache24\htdocs\tienda_virtual\Helpers\Helpers.php:14
[18-Feb-2024 07:52:06 America/Caracas] PHP Warning:  Trying to access array offset on value of type null in C:\Apache24\htdocs\tienda_virtual\Views\Template\header_admin.php on line 17
[18-Feb-2024 07:52:06 America/Caracas] PHP Stack trace:
[18-Feb-2024 07:52:06 America/Caracas] PHP   1. {main}() C:\Apache24\htdocs\tienda_virtual\index.php:0
[18-Feb-2024 07:52:06 America/Caracas] PHP   2. require_once() C:\Apache24\htdocs\tienda_virtual\index.php:43
[18-Feb-2024 07:52:06 America/Caracas] PHP   3. Dashboard->dashboard('') C:\Apache24\htdocs\tienda_virtual\Libraries\Core\Load.php:8
[18-Feb-2024 07:52:06 America/Caracas] PHP   4. Views->getView($controller = class Dashboard { protected $model = NULL; protected $views = class Views {  } }, $view = 'dashboard', $data = ['page_id' => 2, 'page_tag' => 'Dashboard-Tienda Virtual', 'page_title' => 'Dashboard-Tienda Virtual', 'page_name' => 'dashboard']) C:\Apache24\htdocs\tienda_virtual\Controllers\Dashboard.php:13
[18-Feb-2024 07:52:06 America/Caracas] PHP   5. require_once() C:\Apache24\htdocs\tienda_virtual\Libraries\Core\Views.php:12
[18-Feb-2024 07:52:06 America/Caracas] PHP   6. headerAdmin(['page_id' => 2, 'page_tag' => 'Dashboard-Tienda Virtual', 'page_title' => 'Dashboard-Tienda Virtual', 'page_name' => 'dashboard']) C:\Apache24\htdocs\tienda_virtual\Views\Dashboard\dashboard.php:2
[18-Feb-2024 07:52:06 America/Caracas] PHP   7. require_once() C:\Apache24\htdocs\tienda_virtual\Helpers\Helpers.php:14
[18-Feb-2024 11:52:07 UTC] Hello, errors!
[18-Feb-2024 11:52:07 UTC] Hello, errors!
[18-Feb-2024 11:53:20 UTC] Hello, errors!
[18-Feb-2024 11:53:20 UTC] Hello, errors!
[18-Feb-2024 11:53:20 UTC] Hello, errors!
[18-Feb-2024 11:57:59 UTC] Hello, errors!
[18-Feb-2024 11:58:00 UTC] Hello, errors!
[18-Feb-2024 11:58:00 UTC] Hello, errors!
[19-Feb-2024 18:52:15 UTC] Hello, errors!
[19-Feb-2024 19:10:40 UTC] Hello, errors!
[19-Feb-2024 19:12:38 UTC] Hello, errors!
[19-Feb-2024 19:26:52 UTC] Hello, errors!
